[ 2015-08-28T10:14:01+08:00 ] 192.168.111.1 /kmi/index.php
INFO: [ app_init ] --START--
INFO: Run Behavior\BuildLiteBehavior [ RunTime:0.000017s ]
INFO: [ app_init ] --END-- [ RunTime:0.001480s ]
INFO: [ app_begin ] --START--
INFO: Run Behavior\ReadHtmlCacheBehavior [ RunTime:0.001107s ]
INFO: [ app_begin ] --END-- [ RunTime:0.001176s ]
INFO: [ view_parse ] --START--
INFO: Run Behavior\ParseTemplateBehavior [ RunTime:0.001368s ]
INFO: [ view_parse ] --END-- [ RunTime:0.001419s ]
INFO: [ view_filter ] --START--
INFO: Run Behavior\WriteHtmlCacheBehavior [ RunTime:0.001569s ]
INFO: [ view_filter ] --END-- [ RunTime:0.001653s ]
INFO: [ app_end ] --START--
INFO: Run Behavior\ShowPageTraceBehavior [ RunTime:0.001753s ]
INFO: [ app_end ] --END-- [ RunTime:0.001818s ]

[ 2015-08-28T10:59:56+08:00 ] 192.168.111.1 /kmi/index.php
INFO: [ app_init ] --START--
INFO: Run Behavior\BuildLiteBehavior [ RunTime:0.000040s ]
INFO: [ app_init ] --END-- [ RunTime:0.039977s ]
INFO: [ app_begin ] --START--
INFO: Run Behavior\ReadHtmlCacheBehavior [ RunTime:0.045649s ]
INFO: [ app_begin ] --END-- [ RunTime:0.045817s ]
ERR: SQLSTATE[HY000] [2003] Can't connect to MySQL server on '127.0.0.1' (111)

[ 2015-08-28T11:01:21+08:00 ] 192.168.111.1 /kmi/index.php
INFO: [ app_init ] --START--
INFO: Run Behavior\BuildLiteBehavior [ RunTime:0.000021s ]
INFO: [ app_init ] --END-- [ RunTime:0.003031s ]
INFO: [ app_begin ] --START--
INFO: Run Behavior\ReadHtmlCacheBehavior [ RunTime:0.003000s ]
INFO: [ app_begin ] --END-- [ RunTime:0.003126s ]
SQL: SHOW COLUMNS FROM `follower` [ RunTime:0.0219s ]
ERR: SQLSTATE[42000]: Syntax error or access violation: 1064 You have an error in your SQL syntax; check the manual that corresponds to your MySQL server version for the right syntax to use near ') LIMIT 1' at line 1

[ 2015-08-28T11:04:52+08:00 ] 192.168.111.1 /kmi/index.php
INFO: [ app_init ] --START--
INFO: Run Behavior\BuildLiteBehavior [ RunTime:0.000081s ]
INFO: [ app_init ] --END-- [ RunTime:0.003294s ]
INFO: [ app_begin ] --START--
INFO: Run Behavior\ReadHtmlCacheBehavior [ RunTime:0.001239s ]
INFO: [ app_begin ] --END-- [ RunTime:0.001309s ]

[ 2015-08-28T11:05:00+08:00 ] 192.168.111.1 /kmi/index.php
INFO: [ app_init ] --START--
INFO: Run Behavior\BuildLiteBehavior [ RunTime:0.000025s ]
INFO: [ app_init ] --END-- [ RunTime:0.002375s ]
INFO: [ app_begin ] --START--
INFO: Run Behavior\ReadHtmlCacheBehavior [ RunTime:0.001721s ]
INFO: [ app_begin ] --END-- [ RunTime:0.001818s ]
SQL: SHOW COLUMNS FROM `follower` [ RunTime:0.0105s ]
SQL: SELECT * FROM `follower` WHERE ( openid='' ) LIMIT 1   [ RunTime:0.0009s ]
SQL: INSERT INTO `follower` (`openid`,`access_token`,`code`,`nickname`) VALUES ('','','nu','') [ RunTime:0.0068s ]
NOTIC: [8] Undefined variable: op /mnt/hgfs/F/code/www/kmi/Application/Home/Controller/IndexController.class.php 第 38 行.

[ 2015-08-28T11:08:38+08:00 ] 192.168.111.1 /kmi/index.php
INFO: [ app_init ] --START--
INFO: Run Behavior\BuildLiteBehavior [ RunTime:0.000029s ]
INFO: [ app_init ] --END-- [ RunTime:0.015022s ]
INFO: [ app_begin ] --START--
INFO: Run Behavior\ReadHtmlCacheBehavior [ RunTime:0.002815s ]
INFO: [ app_begin ] --END-- [ RunTime:0.003913s ]
SQL: SHOW COLUMNS FROM `follower` [ RunTime:0.0527s ]
SQL: SELECT * FROM `follower` WHERE ( openid='' ) LIMIT 1   [ RunTime:0.0010s ]
SQL: SELECT `code` FROM `follower` WHERE ( openid='' ) LIMIT 1   [ RunTime:0.0009s ]
ERR: Think\Controller:findCodeById方法不存在！

[ 2015-08-28T11:22:18+08:00 ] 192.168.111.1 /kmi/index.php
INFO: [ app_init ] --START--
INFO: Run Behavior\BuildLiteBehavior [ RunTime:0.000014s ]
INFO: [ app_init ] --END-- [ RunTime:0.000857s ]
INFO: [ app_begin ] --START--
INFO: Run Behavior\ReadHtmlCacheBehavior [ RunTime:0.000875s ]
INFO: [ app_begin ] --END-- [ RunTime:0.000936s ]

[ 2015-08-28T11:22:25+08:00 ] 192.168.111.1 /kmi/index.php
INFO: [ app_init ] --START--
INFO: Run Behavior\BuildLiteBehavior [ RunTime:0.000015s ]
INFO: [ app_init ] --END-- [ RunTime:0.000936s ]
INFO: [ app_begin ] --START--
INFO: Run Behavior\ReadHtmlCacheBehavior [ RunTime:0.001061s ]
INFO: [ app_begin ] --END-- [ RunTime:0.001133s ]

[ 2015-08-28T11:22:26+08:00 ] 192.168.111.1 /kmi/index.php
INFO: [ app_init ] --START--
INFO: Run Behavior\BuildLiteBehavior [ RunTime:0.000013s ]
INFO: [ app_init ] --END-- [ RunTime:0.000776s ]
INFO: [ app_begin ] --START--
INFO: Run Behavior\ReadHtmlCacheBehavior [ RunTime:0.000779s ]
INFO: [ app_begin ] --END-- [ RunTime:0.000834s ]

[ 2015-08-28T11:22:33+08:00 ] 192.168.111.1 /kmi/index.php
INFO: [ app_init ] --START--
INFO: Run Behavior\BuildLiteBehavior [ RunTime:0.000011s ]
INFO: [ app_init ] --END-- [ RunTime:0.000696s ]
INFO: [ app_begin ] --START--
INFO: Run Behavior\ReadHtmlCacheBehavior [ RunTime:0.025162s ]
INFO: [ app_begin ] --END-- [ RunTime:0.025218s ]
SQL: SHOW COLUMNS FROM `follower` [ RunTime:0.0149s ]
SQL: SELECT * FROM `follower` WHERE ( openid='' ) LIMIT 1   [ RunTime:0.0016s ]
SQL: SELECT `code` FROM `follower` WHERE ( openid='' ) LIMIT 1   [ RunTime:0.0014s ]
SQL: SELECT `code` FROM `follower` WHERE ( openid='' ) LIMIT 1   [ RunTime:0.0010s ]

[ 2015-08-28T11:25:30+08:00 ] 192.168.111.1 /kmi/
INFO: [ app_init ] --START--
INFO: Run Behavior\BuildLiteBehavior [ RunTime:0.000011s ]
INFO: [ app_init ] --END-- [ RunTime:0.000679s ]
INFO: [ app_begin ] --START--
INFO: Run Behavior\ReadHtmlCacheBehavior [ RunTime:0.000768s ]
INFO: [ app_begin ] --END-- [ RunTime:0.000811s ]
SQL: SHOW COLUMNS FROM `follower` [ RunTime:0.0219s ]
SQL: SELECT * FROM `follower` WHERE ( openid='' ) LIMIT 1   [ RunTime:0.0007s ]
SQL: SELECT `code` FROM `follower` WHERE ( openid='' ) LIMIT 1   [ RunTime:0.0005s ]
SQL: SELECT * FROM `follower`  [ RunTime:0.0005s ]
NOTIC: [8] Undefined variable: follower /mnt/hgfs/F/code/www/kmi/Application/Home/Controller/IndexController.class.php 第 27 行.
NOTIC: [2] Invalid argument supplied for foreach() /mnt/hgfs/F/code/www/kmi/Application/Home/Controller/IndexController.class.php 第 27 行.
NOTIC: [8] Undefined variable: user /mnt/hgfs/F/code/www/kmi/Application/Home/Controller/IndexController.class.php 第 144 行.

[ 2015-08-28T11:26:36+08:00 ] 192.168.111.1 /kmi/
INFO: [ app_init ] --START--
INFO: Run Behavior\BuildLiteBehavior [ RunTime:0.000014s ]
INFO: [ app_init ] --END-- [ RunTime:0.000848s ]
INFO: [ app_begin ] --START--
INFO: Run Behavior\ReadHtmlCacheBehavior [ RunTime:0.000852s ]
INFO: [ app_begin ] --END-- [ RunTime:0.000903s ]
SQL: SHOW COLUMNS FROM `follower` [ RunTime:0.0153s ]
SQL: SELECT * FROM `follower` WHERE ( openid='' ) LIMIT 1   [ RunTime:0.0005s ]
SQL: SELECT `code` FROM `follower` WHERE ( openid='' ) LIMIT 1   [ RunTime:0.0004s ]
SQL: SELECT * FROM `follower`  [ RunTime:0.0003s ]
NOTIC: [8] Undefined variable: follower /mnt/hgfs/F/code/www/kmi/Application/Home/Controller/IndexController.class.php 第 27 行.
NOTIC: [2] Invalid argument supplied for foreach() /mnt/hgfs/F/code/www/kmi/Application/Home/Controller/IndexController.class.php 第 27 行.
ERR: SQLSTATE[42S22]: Column not found: 1054 Unknown column 'id' in 'where clause'

[ 2015-08-28T11:26:52+08:00 ] 192.168.111.1 /kmi/
INFO: [ app_init ] --START--
INFO: Run Behavior\BuildLiteBehavior [ RunTime:0.000018s ]
INFO: [ app_init ] --END-- [ RunTime:0.001237s ]
INFO: [ app_begin ] --START--
INFO: Run Behavior\ReadHtmlCacheBehavior [ RunTime:0.001211s ]
INFO: [ app_begin ] --END-- [ RunTime:0.001278s ]
SQL: SHOW COLUMNS FROM `follower` [ RunTime:0.0556s ]
SQL: SELECT * FROM `follower` WHERE ( openid='' ) LIMIT 1   [ RunTime:0.0012s ]
SQL: SELECT `code` FROM `follower` WHERE ( openid='' ) LIMIT 1   [ RunTime:0.0007s ]
SQL: SELECT * FROM `follower`  [ RunTime:0.0010s ]
NOTIC: [8] Undefined variable: follower /mnt/hgfs/F/code/www/kmi/Application/Home/Controller/IndexController.class.php 第 27 行.
NOTIC: [2] Invalid argument supplied for foreach() /mnt/hgfs/F/code/www/kmi/Application/Home/Controller/IndexController.class.php 第 27 行.
SQL: UPDATE `follower` SET `code`='1549' WHERE ( openid='' ) [ RunTime:0.0152s ]

[ 2015-08-28T11:28:54+08:00 ] 192.168.111.1 /kmi/
INFO: [ app_init ] --START--
INFO: Run Behavior\BuildLiteBehavior [ RunTime:0.000012s ]
INFO: [ app_init ] --END-- [ RunTime:0.000716s ]
INFO: [ app_begin ] --START--
INFO: Run Behavior\ReadHtmlCacheBehavior [ RunTime:0.000706s ]
INFO: [ app_begin ] --END-- [ RunTime:0.000747s ]

