[ 2015-12-10T17:20:30+08:00 ] 127.0.0.1 /activity/index.php/Home/Beself/
INFO: [ app_init ] --START--
INFO: Run Behavior\BuildLiteBehavior [ RunTime:0.000019s ]
INFO: [ app_init ] --END-- [ RunTime:0.000367s ]
INFO: [ app_begin ] --START--
INFO: Run Behavior\ReadHtmlCacheBehavior [ RunTime:0.000482s ]
INFO: [ app_begin ] --END-- [ RunTime:0.000556s ]
INFO: [ app_end ] --START--
INFO: Run Behavior\ShowPageTraceBehavior [ RunTime:0.000465s ]
INFO: [ app_end ] --END-- [ RunTime:0.000540s ]

[ 2015-12-10T17:21:06+08:00 ] 127.0.0.1 /activity/index.php/Home/Beself/
INFO: [ app_init ] --START--
INFO: Run Behavior\BuildLiteBehavior [ RunTime:0.000017s ]
INFO: [ app_init ] --END-- [ RunTime:0.000337s ]
INFO: [ app_begin ] --START--
INFO: Run Behavior\ReadHtmlCacheBehavior [ RunTime:0.000466s ]
INFO: [ app_begin ] --END-- [ RunTime:0.000539s ]
INFO: [ view_parse ] --START--
INFO: [ template_filter ] --START--
INFO: Run Behavior\ContentReplaceBehavior [ RunTime:0.000071s ]
INFO: [ template_filter ] --END-- [ RunTime:0.000153s ]
NOTIC: [8] Undefined variable: share_wx C:\wamp\www\activity\Application\Runtime\Cache\Home\2fb002fb0f0643fab390a2744f1d4e82.php 第 44 行.
NOTIC: [8] Undefined variable: share_wx C:\wamp\www\activity\Application\Runtime\Cache\Home\2fb002fb0f0643fab390a2744f1d4e82.php 第 45 行.
NOTIC: [8] Undefined variable: share_wx C:\wamp\www\activity\Application\Runtime\Cache\Home\2fb002fb0f0643fab390a2744f1d4e82.php 第 46 行.
NOTIC: [8] Undefined variable: share_wx C:\wamp\www\activity\Application\Runtime\Cache\Home\2fb002fb0f0643fab390a2744f1d4e82.php 第 47 行.
INFO: Run Behavior\ParseTemplateBehavior [ RunTime:0.006118s ]
INFO: [ view_parse ] --END-- [ RunTime:0.006190s ]
INFO: [ view_filter ] --START--
INFO: Run Behavior\WriteHtmlCacheBehavior [ RunTime:0.000306s ]
INFO: [ view_filter ] --END-- [ RunTime:0.000372s ]
INFO: [ app_end ] --START--
INFO: Run Behavior\ShowPageTraceBehavior [ RunTime:0.000467s ]
INFO: [ app_end ] --END-- [ RunTime:0.000533s ]

[ 2015-12-10T17:21:10+08:00 ] 127.0.0.1 /activity/index.php/Home/Beself/fileChange
INFO: [ app_init ] --START--
INFO: Run Behavior\BuildLiteBehavior [ RunTime:0.000017s ]
INFO: [ app_init ] --END-- [ RunTime:0.000340s ]
INFO: [ app_begin ] --START--
INFO: Run Behavior\ReadHtmlCacheBehavior [ RunTime:0.001387s ]
INFO: [ app_begin ] --END-- [ RunTime:0.001518s ]

[ 2015-12-10T17:21:15+08:00 ] 127.0.0.1 /activity/index.php/Home/Beself/
INFO: [ app_init ] --START--
INFO: Run Behavior\BuildLiteBehavior [ RunTime:0.000019s ]
INFO: [ app_init ] --END-- [ RunTime:0.000368s ]
INFO: [ app_begin ] --START--
INFO: Run Behavior\ReadHtmlCacheBehavior [ RunTime:0.000629s ]
INFO: [ app_begin ] --END-- [ RunTime:0.000750s ]
INFO: [ view_parse ] --START--
INFO: [ template_filter ] --START--
INFO: Run Behavior\ContentReplaceBehavior [ RunTime:0.000079s ]
INFO: [ template_filter ] --END-- [ RunTime:0.000166s ]
NOTIC: [8] Undefined variable: share_wx C:\wamp\www\activity\Application\Runtime\Cache\Home\2fb002fb0f0643fab390a2744f1d4e82.php 第 44 行.
NOTIC: [8] Undefined variable: share_wx C:\wamp\www\activity\Application\Runtime\Cache\Home\2fb002fb0f0643fab390a2744f1d4e82.php 第 45 行.
NOTIC: [8] Undefined variable: share_wx C:\wamp\www\activity\Application\Runtime\Cache\Home\2fb002fb0f0643fab390a2744f1d4e82.php 第 46 行.
NOTIC: [8] Undefined variable: share_wx C:\wamp\www\activity\Application\Runtime\Cache\Home\2fb002fb0f0643fab390a2744f1d4e82.php 第 47 行.
INFO: Run Behavior\ParseTemplateBehavior [ RunTime:0.006956s ]
INFO: [ view_parse ] --END-- [ RunTime:0.007040s ]
INFO: [ view_filter ] --START--
INFO: Run Behavior\WriteHtmlCacheBehavior [ RunTime:0.003435s ]
INFO: [ view_filter ] --END-- [ RunTime:0.003518s ]
INFO: [ app_end ] --START--
INFO: Run Behavior\ShowPageTraceBehavior [ RunTime:0.000938s ]
INFO: [ app_end ] --END-- [ RunTime:0.001014s ]

[ 2015-12-10T17:21:23+08:00 ] 127.0.0.1 /activity/index.php/Home/Beself/fileChange
INFO: [ app_init ] --START--
INFO: Run Behavior\BuildLiteBehavior [ RunTime:0.000036s ]
INFO: [ app_init ] --END-- [ RunTime:0.000841s ]
INFO: [ app_begin ] --START--
INFO: Run Behavior\ReadHtmlCacheBehavior [ RunTime:0.000481s ]
INFO: [ app_begin ] --END-- [ RunTime:0.000555s ]

[ 2015-12-10T17:36:36+08:00 ] 127.0.0.1 /activity/index.php/Home/Beself/
INFO: [ app_init ] --START--
INFO: Run Behavior\BuildLiteBehavior [ RunTime:0.000021s ]
INFO: [ app_init ] --END-- [ RunTime:0.000360s ]
INFO: [ app_begin ] --START--
INFO: Run Behavior\ReadHtmlCacheBehavior [ RunTime:0.000515s ]
INFO: [ app_begin ] --END-- [ RunTime:0.000596s ]
INFO: [ view_parse ] --START--
INFO: [ template_filter ] --START--
INFO: Run Behavior\ContentReplaceBehavior [ RunTime:0.000070s ]
INFO: [ template_filter ] --END-- [ RunTime:0.000156s ]
NOTIC: [8] Undefined variable: share_wx C:\wamp\www\activity\Application\Runtime\Cache\Home\2fb002fb0f0643fab390a2744f1d4e82.php 第 44 行.
NOTIC: [8] Undefined variable: share_wx C:\wamp\www\activity\Application\Runtime\Cache\Home\2fb002fb0f0643fab390a2744f1d4e82.php 第 45 行.
NOTIC: [8] Undefined variable: share_wx C:\wamp\www\activity\Application\Runtime\Cache\Home\2fb002fb0f0643fab390a2744f1d4e82.php 第 46 行.
NOTIC: [8] Undefined variable: share_wx C:\wamp\www\activity\Application\Runtime\Cache\Home\2fb002fb0f0643fab390a2744f1d4e82.php 第 47 行.
INFO: Run Behavior\ParseTemplateBehavior [ RunTime:0.008480s ]
INFO: [ view_parse ] --END-- [ RunTime:0.008626s ]
INFO: [ view_filter ] --START--
INFO: Run Behavior\WriteHtmlCacheBehavior [ RunTime:0.000320s ]
INFO: [ view_filter ] --END-- [ RunTime:0.000386s ]
INFO: [ app_end ] --START--
INFO: Run Behavior\ShowPageTraceBehavior [ RunTime:0.000478s ]
INFO: [ app_end ] --END-- [ RunTime:0.000543s ]

[ 2015-12-10T17:38:02+08:00 ] 127.0.0.1 /activity/index.php/Home/Beself/
INFO: [ app_init ] --START--
INFO: Run Behavior\BuildLiteBehavior [ RunTime:0.000018s ]
INFO: [ app_init ] --END-- [ RunTime:0.000361s ]
INFO: [ app_begin ] --START--
INFO: Run Behavior\ReadHtmlCacheBehavior [ RunTime:0.000493s ]
INFO: [ app_begin ] --END-- [ RunTime:0.000566s ]
INFO: [ view_parse ] --START--
INFO: [ template_filter ] --START--
INFO: Run Behavior\ContentReplaceBehavior [ RunTime:0.000070s ]
INFO: [ template_filter ] --END-- [ RunTime:0.000158s ]
NOTIC: [8] Undefined variable: share_wx C:\wamp\www\activity\Application\Runtime\Cache\Home\2fb002fb0f0643fab390a2744f1d4e82.php 第 43 行.
NOTIC: [8] Undefined variable: share_wx C:\wamp\www\activity\Application\Runtime\Cache\Home\2fb002fb0f0643fab390a2744f1d4e82.php 第 44 行.
NOTIC: [8] Undefined variable: share_wx C:\wamp\www\activity\Application\Runtime\Cache\Home\2fb002fb0f0643fab390a2744f1d4e82.php 第 45 行.
NOTIC: [8] Undefined variable: share_wx C:\wamp\www\activity\Application\Runtime\Cache\Home\2fb002fb0f0643fab390a2744f1d4e82.php 第 46 行.
INFO: Run Behavior\ParseTemplateBehavior [ RunTime:0.010177s ]
INFO: [ view_parse ] --END-- [ RunTime:0.010264s ]
INFO: [ view_filter ] --START--
INFO: Run Behavior\WriteHtmlCacheBehavior [ RunTime:0.000890s ]
INFO: [ view_filter ] --END-- [ RunTime:0.000969s ]
INFO: [ app_end ] --START--
INFO: Run Behavior\ShowPageTraceBehavior [ RunTime:0.000798s ]
INFO: [ app_end ] --END-- [ RunTime:0.000926s ]

[ 2015-12-10T17:38:03+08:00 ] 127.0.0.1 /activity/index.php/Home/Beself/
INFO: [ app_init ] --START--
INFO: Run Behavior\BuildLiteBehavior [ RunTime:0.000029s ]
INFO: [ app_init ] --END-- [ RunTime:0.000556s ]
INFO: [ app_begin ] --START--
INFO: Run Behavior\ReadHtmlCacheBehavior [ RunTime:0.000695s ]
INFO: [ app_begin ] --END-- [ RunTime:0.000817s ]
INFO: [ view_parse ] --START--
INFO: [ template_filter ] --START--
INFO: Run Behavior\ContentReplaceBehavior [ RunTime:0.000120s ]
INFO: [ template_filter ] --END-- [ RunTime:0.000363s ]
NOTIC: [8] Undefined variable: share_wx C:\wamp\www\activity\Application\Runtime\Cache\Home\2fb002fb0f0643fab390a2744f1d4e82.php 第 43 行.
NOTIC: [8] Undefined variable: share_wx C:\wamp\www\activity\Application\Runtime\Cache\Home\2fb002fb0f0643fab390a2744f1d4e82.php 第 44 行.
NOTIC: [8] Undefined variable: share_wx C:\wamp\www\activity\Application\Runtime\Cache\Home\2fb002fb0f0643fab390a2744f1d4e82.php 第 45 行.
NOTIC: [8] Undefined variable: share_wx C:\wamp\www\activity\Application\Runtime\Cache\Home\2fb002fb0f0643fab390a2744f1d4e82.php 第 46 行.
INFO: Run Behavior\ParseTemplateBehavior [ RunTime:0.008245s ]
INFO: [ view_parse ] --END-- [ RunTime:0.008366s ]
INFO: [ view_filter ] --START--
INFO: Run Behavior\WriteHtmlCacheBehavior [ RunTime:0.001164s ]
INFO: [ view_filter ] --END-- [ RunTime:0.001329s ]
INFO: [ app_end ] --START--
INFO: Run Behavior\ShowPageTraceBehavior [ RunTime:0.001078s ]
INFO: [ app_end ] --END-- [ RunTime:0.001195s ]

[ 2015-12-10T17:38:03+08:00 ] 127.0.0.1 /activity/index.php/Home/Beself/
INFO: [ app_init ] --START--
INFO: Run Behavior\BuildLiteBehavior [ RunTime:0.000029s ]
INFO: [ app_init ] --END-- [ RunTime:0.000443s ]
INFO: [ app_begin ] --START--
INFO: Run Behavior\ReadHtmlCacheBehavior [ RunTime:0.001641s ]
INFO: [ app_begin ] --END-- [ RunTime:0.001912s ]
INFO: [ view_parse ] --START--
INFO: [ template_filter ] --START--
INFO: Run Behavior\ContentReplaceBehavior [ RunTime:0.000068s ]
INFO: [ template_filter ] --END-- [ RunTime:0.000157s ]
NOTIC: [8] Undefined variable: share_wx C:\wamp\www\activity\Application\Runtime\Cache\Home\2fb002fb0f0643fab390a2744f1d4e82.php 第 43 行.
NOTIC: [8] Undefined variable: share_wx C:\wamp\www\activity\Application\Runtime\Cache\Home\2fb002fb0f0643fab390a2744f1d4e82.php 第 44 行.
NOTIC: [8] Undefined variable: share_wx C:\wamp\www\activity\Application\Runtime\Cache\Home\2fb002fb0f0643fab390a2744f1d4e82.php 第 45 行.
NOTIC: [8] Undefined variable: share_wx C:\wamp\www\activity\Application\Runtime\Cache\Home\2fb002fb0f0643fab390a2744f1d4e82.php 第 46 行.
INFO: Run Behavior\ParseTemplateBehavior [ RunTime:0.007522s ]
INFO: [ view_parse ] --END-- [ RunTime:0.007618s ]
INFO: [ view_filter ] --START--
INFO: Run Behavior\WriteHtmlCacheBehavior [ RunTime:0.000241s ]
INFO: [ view_filter ] --END-- [ RunTime:0.000305s ]
INFO: [ app_end ] --START--
INFO: Run Behavior\ShowPageTraceBehavior [ RunTime:0.000410s ]
INFO: [ app_end ] --END-- [ RunTime:0.000475s ]

[ 2015-12-10T17:38:04+08:00 ] 127.0.0.1 /activity/index.php/Home/Beself/
INFO: [ app_init ] --START--
INFO: Run Behavior\BuildLiteBehavior [ RunTime:0.000027s ]
INFO: [ app_init ] --END-- [ RunTime:0.000385s ]
INFO: [ app_begin ] --START--
INFO: Run Behavior\ReadHtmlCacheBehavior [ RunTime:0.000854s ]
INFO: [ app_begin ] --END-- [ RunTime:0.001027s ]
INFO: [ view_parse ] --START--
INFO: [ template_filter ] --START--
INFO: Run Behavior\ContentReplaceBehavior [ RunTime:0.000074s ]
INFO: [ template_filter ] --END-- [ RunTime:0.000171s ]
NOTIC: [8] Undefined variable: share_wx C:\wamp\www\activity\Application\Runtime\Cache\Home\2fb002fb0f0643fab390a2744f1d4e82.php 第 43 行.
NOTIC: [8] Undefined variable: share_wx C:\wamp\www\activity\Application\Runtime\Cache\Home\2fb002fb0f0643fab390a2744f1d4e82.php 第 44 行.
NOTIC: [8] Undefined variable: share_wx C:\wamp\www\activity\Application\Runtime\Cache\Home\2fb002fb0f0643fab390a2744f1d4e82.php 第 45 行.
NOTIC: [8] Undefined variable: share_wx C:\wamp\www\activity\Application\Runtime\Cache\Home\2fb002fb0f0643fab390a2744f1d4e82.php 第 46 行.
INFO: Run Behavior\ParseTemplateBehavior [ RunTime:0.005786s ]
INFO: [ view_parse ] --END-- [ RunTime:0.005869s ]
INFO: [ view_filter ] --START--
INFO: Run Behavior\WriteHtmlCacheBehavior [ RunTime:0.000273s ]
INFO: [ view_filter ] --END-- [ RunTime:0.000341s ]
INFO: [ app_end ] --START--
INFO: Run Behavior\ShowPageTraceBehavior [ RunTime:0.000441s ]
INFO: [ app_end ] --END-- [ RunTime:0.000509s ]

[ 2015-12-10T17:38:04+08:00 ] 127.0.0.1 /activity/index.php/Home/Beself/
INFO: [ app_init ] --START--
INFO: Run Behavior\BuildLiteBehavior [ RunTime:0.000019s ]
INFO: [ app_init ] --END-- [ RunTime:0.000360s ]
INFO: [ app_begin ] --START--
INFO: Run Behavior\ReadHtmlCacheBehavior [ RunTime:0.000507s ]
INFO: [ app_begin ] --END-- [ RunTime:0.000580s ]
INFO: [ view_parse ] --START--
INFO: [ template_filter ] --START--
INFO: Run Behavior\ContentReplaceBehavior [ RunTime:0.000069s ]
INFO: [ template_filter ] --END-- [ RunTime:0.000152s ]
NOTIC: [8] Undefined variable: share_wx C:\wamp\www\activity\Application\Runtime\Cache\Home\2fb002fb0f0643fab390a2744f1d4e82.php 第 43 行.
NOTIC: [8] Undefined variable: share_wx C:\wamp\www\activity\Application\Runtime\Cache\Home\2fb002fb0f0643fab390a2744f1d4e82.php 第 44 行.
NOTIC: [8] Undefined variable: share_wx C:\wamp\www\activity\Application\Runtime\Cache\Home\2fb002fb0f0643fab390a2744f1d4e82.php 第 45 行.
NOTIC: [8] Undefined variable: share_wx C:\wamp\www\activity\Application\Runtime\Cache\Home\2fb002fb0f0643fab390a2744f1d4e82.php 第 46 行.
INFO: Run Behavior\ParseTemplateBehavior [ RunTime:0.006211s ]
INFO: [ view_parse ] --END-- [ RunTime:0.006292s ]
INFO: [ view_filter ] --START--
INFO: Run Behavior\WriteHtmlCacheBehavior [ RunTime:0.000352s ]
INFO: [ view_filter ] --END-- [ RunTime:0.000418s ]
INFO: [ app_end ] --START--
INFO: Run Behavior\ShowPageTraceBehavior [ RunTime:0.000483s ]
INFO: [ app_end ] --END-- [ RunTime:0.000549s ]

[ 2015-12-10T17:38:06+08:00 ] 127.0.0.1 /activity/index.php/Home/Beself/
INFO: [ app_init ] --START--
INFO: Run Behavior\BuildLiteBehavior [ RunTime:0.000028s ]
INFO: [ app_init ] --END-- [ RunTime:0.000573s ]
INFO: [ app_begin ] --START--
INFO: Run Behavior\ReadHtmlCacheBehavior [ RunTime:0.001091s ]
INFO: [ app_begin ] --END-- [ RunTime:0.001282s ]
INFO: [ view_parse ] --START--
INFO: [ template_filter ] --START--
INFO: Run Behavior\ContentReplaceBehavior [ RunTime:0.000070s ]
INFO: [ template_filter ] --END-- [ RunTime:0.000152s ]
NOTIC: [8] Undefined variable: share_wx C:\wamp\www\activity\Application\Runtime\Cache\Home\2fb002fb0f0643fab390a2744f1d4e82.php 第 43 行.
NOTIC: [8] Undefined variable: share_wx C:\wamp\www\activity\Application\Runtime\Cache\Home\2fb002fb0f0643fab390a2744f1d4e82.php 第 44 行.
NOTIC: [8] Undefined variable: share_wx C:\wamp\www\activity\Application\Runtime\Cache\Home\2fb002fb0f0643fab390a2744f1d4e82.php 第 45 行.
NOTIC: [8] Undefined variable: share_wx C:\wamp\www\activity\Application\Runtime\Cache\Home\2fb002fb0f0643fab390a2744f1d4e82.php 第 46 行.
INFO: Run Behavior\ParseTemplateBehavior [ RunTime:0.006035s ]
INFO: [ view_parse ] --END-- [ RunTime:0.006189s ]
INFO: [ view_filter ] --START--
INFO: Run Behavior\WriteHtmlCacheBehavior [ RunTime:0.000462s ]
INFO: [ view_filter ] --END-- [ RunTime:0.000584s ]
INFO: [ app_end ] --START--
INFO: Run Behavior\ShowPageTraceBehavior [ RunTime:0.001107s ]
INFO: [ app_end ] --END-- [ RunTime:0.001276s ]

[ 2015-12-10T17:38:51+08:00 ] 127.0.0.1 /activity/index.php/Home/Beself/
INFO: [ app_init ] --START--
INFO: Run Behavior\BuildLiteBehavior [ RunTime:0.000022s ]
INFO: [ app_init ] --END-- [ RunTime:0.000580s ]
INFO: [ app_begin ] --START--
INFO: Run Behavior\ReadHtmlCacheBehavior [ RunTime:0.000967s ]
INFO: [ app_begin ] --END-- [ RunTime:0.001112s ]
INFO: [ view_parse ] --START--
INFO: [ template_filter ] --START--
INFO: Run Behavior\ContentReplaceBehavior [ RunTime:0.000072s ]
INFO: [ template_filter ] --END-- [ RunTime:0.000163s ]
NOTIC: [8] Undefined variable: share_wx C:\wamp\www\activity\Application\Runtime\Cache\Home\2fb002fb0f0643fab390a2744f1d4e82.php 第 43 行.
NOTIC: [8] Undefined variable: share_wx C:\wamp\www\activity\Application\Runtime\Cache\Home\2fb002fb0f0643fab390a2744f1d4e82.php 第 44 行.
NOTIC: [8] Undefined variable: share_wx C:\wamp\www\activity\Application\Runtime\Cache\Home\2fb002fb0f0643fab390a2744f1d4e82.php 第 45 行.
NOTIC: [8] Undefined variable: share_wx C:\wamp\www\activity\Application\Runtime\Cache\Home\2fb002fb0f0643fab390a2744f1d4e82.php 第 46 行.
INFO: Run Behavior\ParseTemplateBehavior [ RunTime:0.012756s ]
INFO: [ view_parse ] --END-- [ RunTime:0.012850s ]
INFO: [ view_filter ] --START--
INFO: Run Behavior\WriteHtmlCacheBehavior [ RunTime:0.000249s ]
INFO: [ view_filter ] --END-- [ RunTime:0.000315s ]
INFO: [ app_end ] --START--
INFO: Run Behavior\ShowPageTraceBehavior [ RunTime:0.000418s ]
INFO: [ app_end ] --END-- [ RunTime:0.000484s ]

[ 2015-12-10T17:40:15+08:00 ] 127.0.0.1 /activity/index.php/Home/Beself/
INFO: [ app_init ] --START--
INFO: Run Behavior\BuildLiteBehavior [ RunTime:0.000018s ]
INFO: [ app_init ] --END-- [ RunTime:0.000365s ]
INFO: [ app_begin ] --START--
INFO: Run Behavior\ReadHtmlCacheBehavior [ RunTime:0.000503s ]
INFO: [ app_begin ] --END-- [ RunTime:0.000576s ]
INFO: [ view_parse ] --START--
INFO: [ template_filter ] --START--
INFO: Run Behavior\ContentReplaceBehavior [ RunTime:0.000069s ]
INFO: [ template_filter ] --END-- [ RunTime:0.000150s ]
NOTIC: [8] Undefined variable: share_wx C:\wamp\www\activity\Application\Runtime\Cache\Home\2fb002fb0f0643fab390a2744f1d4e82.php 第 44 行.
NOTIC: [8] Undefined variable: share_wx C:\wamp\www\activity\Application\Runtime\Cache\Home\2fb002fb0f0643fab390a2744f1d4e82.php 第 45 行.
NOTIC: [8] Undefined variable: share_wx C:\wamp\www\activity\Application\Runtime\Cache\Home\2fb002fb0f0643fab390a2744f1d4e82.php 第 46 行.
NOTIC: [8] Undefined variable: share_wx C:\wamp\www\activity\Application\Runtime\Cache\Home\2fb002fb0f0643fab390a2744f1d4e82.php 第 47 行.
INFO: Run Behavior\ParseTemplateBehavior [ RunTime:0.006247s ]
INFO: [ view_parse ] --END-- [ RunTime:0.006437s ]
INFO: [ view_filter ] --START--
INFO: Run Behavior\WriteHtmlCacheBehavior [ RunTime:0.000788s ]
INFO: [ view_filter ] --END-- [ RunTime:0.000899s ]
INFO: [ app_end ] --START--
INFO: Run Behavior\ShowPageTraceBehavior [ RunTime:0.000619s ]
INFO: [ app_end ] --END-- [ RunTime:0.000689s ]

[ 2015-12-10T17:40:16+08:00 ] 127.0.0.1 /activity/index.php/Home/Beself/
INFO: [ app_init ] --START--
INFO: Run Behavior\BuildLiteBehavior [ RunTime:0.000070s ]
INFO: [ app_init ] --END-- [ RunTime:0.001094s ]
INFO: [ app_begin ] --START--
INFO: Run Behavior\ReadHtmlCacheBehavior [ RunTime:0.001511s ]
INFO: [ app_begin ] --END-- [ RunTime:0.001741s ]
INFO: [ view_parse ] --START--
INFO: [ template_filter ] --START--
INFO: Run Behavior\ContentReplaceBehavior [ RunTime:0.000077s ]
INFO: [ template_filter ] --END-- [ RunTime:0.000206s ]
NOTIC: [8] Undefined variable: share_wx C:\wamp\www\activity\Application\Runtime\Cache\Home\2fb002fb0f0643fab390a2744f1d4e82.php 第 44 行.
NOTIC: [8] Undefined variable: share_wx C:\wamp\www\activity\Application\Runtime\Cache\Home\2fb002fb0f0643fab390a2744f1d4e82.php 第 45 行.
NOTIC: [8] Undefined variable: share_wx C:\wamp\www\activity\Application\Runtime\Cache\Home\2fb002fb0f0643fab390a2744f1d4e82.php 第 46 行.
NOTIC: [8] Undefined variable: share_wx C:\wamp\www\activity\Application\Runtime\Cache\Home\2fb002fb0f0643fab390a2744f1d4e82.php 第 47 行.
INFO: Run Behavior\ParseTemplateBehavior [ RunTime:0.008685s ]
INFO: [ view_parse ] --END-- [ RunTime:0.008783s ]
INFO: [ view_filter ] --START--
INFO: Run Behavior\WriteHtmlCacheBehavior [ RunTime:0.000314s ]
INFO: [ view_filter ] --END-- [ RunTime:0.000378s ]
INFO: [ app_end ] --START--
INFO: Run Behavior\ShowPageTraceBehavior [ RunTime:0.000477s ]
INFO: [ app_end ] --END-- [ RunTime:0.000543s ]

[ 2015-12-10T17:40:51+08:00 ] 127.0.0.1 /activity/index.php/Home/Beself/fileChange
INFO: [ app_init ] --START--
INFO: Run Behavior\BuildLiteBehavior [ RunTime:0.000020s ]
INFO: [ app_init ] --END-- [ RunTime:0.000339s ]
INFO: [ app_begin ] --START--
INFO: Run Behavior\ReadHtmlCacheBehavior [ RunTime:0.000667s ]
INFO: [ app_begin ] --END-- [ RunTime:0.000802s ]

[ 2015-12-10T17:40:56+08:00 ] 127.0.0.1 /activity/index.php/Home/Beself/createPoster
INFO: [ app_init ] --START--
INFO: Run Behavior\BuildLiteBehavior [ RunTime:0.000036s ]
INFO: [ app_init ] --END-- [ RunTime:0.000672s ]
INFO: [ app_begin ] --START--
INFO: Run Behavior\ReadHtmlCacheBehavior [ RunTime:0.001153s ]
INFO: [ app_begin ] --END-- [ RunTime:0.001383s ]
SQL: SHOW COLUMNS FROM `beself` [ RunTime:0.0033s ]
SQL: INSERT INTO `beself` (`postImage`,`contents`) VALUES ('f11b5686c76d2b54ddffd6713e433.jpg','') [ RunTime:0.0383s ]
INFO: [ view_parse ] --START--
INFO: [ template_filter ] --START--
INFO: Run Behavior\ContentReplaceBehavior [ RunTime:0.000278s ]
INFO: [ template_filter ] --END-- [ RunTime:0.000601s ]
NOTIC: [8] Undefined variable: share_wx C:\wamp\www\activity\Application\Runtime\Cache\Home\74611781c630b905abfbb2247cce1df3.php 第 36 行.
NOTIC: [8] Undefined variable: share_wx C:\wamp\www\activity\Application\Runtime\Cache\Home\74611781c630b905abfbb2247cce1df3.php 第 37 行.
NOTIC: [8] Undefined variable: share_wx C:\wamp\www\activity\Application\Runtime\Cache\Home\74611781c630b905abfbb2247cce1df3.php 第 38 行.
NOTIC: [8] Undefined variable: share_wx C:\wamp\www\activity\Application\Runtime\Cache\Home\74611781c630b905abfbb2247cce1df3.php 第 39 行.
INFO: Run Behavior\ParseTemplateBehavior [ RunTime:0.024100s ]
INFO: [ view_parse ] --END-- [ RunTime:0.024304s ]
INFO: [ view_filter ] --START--
INFO: Run Behavior\WriteHtmlCacheBehavior [ RunTime:0.001066s ]
INFO: [ view_filter ] --END-- [ RunTime:0.001348s ]
INFO: [ app_end ] --START--
INFO: Run Behavior\ShowPageTraceBehavior [ RunTime:0.002546s ]
INFO: [ app_end ] --END-- [ RunTime:0.002868s ]

[ 2015-12-10T17:41:23+08:00 ] 127.0.0.1 /activity/index.php/Home/Beself/
INFO: [ app_init ] --START--
INFO: Run Behavior\BuildLiteBehavior [ RunTime:0.000018s ]
INFO: [ app_init ] --END-- [ RunTime:0.000318s ]
INFO: [ app_begin ] --START--
INFO: Run Behavior\ReadHtmlCacheBehavior [ RunTime:0.000421s ]
INFO: [ app_begin ] --END-- [ RunTime:0.000498s ]
INFO: [ view_parse ] --START--
INFO: [ template_filter ] --START--
INFO: Run Behavior\ContentReplaceBehavior [ RunTime:0.000068s ]
INFO: [ template_filter ] --END-- [ RunTime:0.000146s ]
NOTIC: [8] Undefined variable: share_wx C:\wamp\www\activity\Application\Runtime\Cache\Home\2fb002fb0f0643fab390a2744f1d4e82.php 第 44 行.
NOTIC: [8] Undefined variable: share_wx C:\wamp\www\activity\Application\Runtime\Cache\Home\2fb002fb0f0643fab390a2744f1d4e82.php 第 45 行.
NOTIC: [8] Undefined variable: share_wx C:\wamp\www\activity\Application\Runtime\Cache\Home\2fb002fb0f0643fab390a2744f1d4e82.php 第 46 行.
NOTIC: [8] Undefined variable: share_wx C:\wamp\www\activity\Application\Runtime\Cache\Home\2fb002fb0f0643fab390a2744f1d4e82.php 第 47 行.
INFO: Run Behavior\ParseTemplateBehavior [ RunTime:0.005200s ]
INFO: [ view_parse ] --END-- [ RunTime:0.005277s ]
INFO: [ view_filter ] --START--
INFO: Run Behavior\WriteHtmlCacheBehavior [ RunTime:0.000240s ]
INFO: [ view_filter ] --END-- [ RunTime:0.000304s ]
INFO: [ app_end ] --START--
INFO: Run Behavior\ShowPageTraceBehavior [ RunTime:0.000423s ]
INFO: [ app_end ] --END-- [ RunTime:0.000488s ]

[ 2015-12-10T17:41:26+08:00 ] 127.0.0.1 /activity/index.php/Home/Beself/fileChange
INFO: [ app_init ] --START--
INFO: Run Behavior\BuildLiteBehavior [ RunTime:0.000019s ]
INFO: [ app_init ] --END-- [ RunTime:0.000351s ]
INFO: [ app_begin ] --START--
INFO: Run Behavior\ReadHtmlCacheBehavior [ RunTime:0.000745s ]
INFO: [ app_begin ] --END-- [ RunTime:0.000955s ]

[ 2015-12-10T17:41:30+08:00 ] 127.0.0.1 /activity/index.php/Home/Beself/createPoster
INFO: [ app_init ] --START--
INFO: Run Behavior\BuildLiteBehavior [ RunTime:0.000028s ]
INFO: [ app_init ] --END-- [ RunTime:0.000553s ]
INFO: [ app_begin ] --START--
INFO: Run Behavior\ReadHtmlCacheBehavior [ RunTime:0.001697s ]
INFO: [ app_begin ] --END-- [ RunTime:0.002163s ]
SQL: SHOW COLUMNS FROM `beself` [ RunTime:0.0042s ]
SQL: INSERT INTO `beself` (`postImage`,`contents`) VALUES ('12ca42a0ebfa8b203fd8b626029dc48c.jpg','') [ RunTime:0.0306s ]
INFO: [ view_parse ] --START--
INFO: [ template_filter ] --START--
INFO: Run Behavior\ContentReplaceBehavior [ RunTime:0.000069s ]
INFO: [ template_filter ] --END-- [ RunTime:0.000143s ]
NOTIC: [8] Undefined variable: share_wx C:\wamp\www\activity\Application\Runtime\Cache\Home\74611781c630b905abfbb2247cce1df3.php 第 36 行.
NOTIC: [8] Undefined variable: share_wx C:\wamp\www\activity\Application\Runtime\Cache\Home\74611781c630b905abfbb2247cce1df3.php 第 37 行.
NOTIC: [8] Undefined variable: share_wx C:\wamp\www\activity\Application\Runtime\Cache\Home\74611781c630b905abfbb2247cce1df3.php 第 38 行.
NOTIC: [8] Undefined variable: share_wx C:\wamp\www\activity\Application\Runtime\Cache\Home\74611781c630b905abfbb2247cce1df3.php 第 39 行.
INFO: Run Behavior\ParseTemplateBehavior [ RunTime:0.005577s ]
INFO: [ view_parse ] --END-- [ RunTime:0.005657s ]
INFO: [ view_filter ] --START--
INFO: Run Behavior\WriteHtmlCacheBehavior [ RunTime:0.000240s ]
INFO: [ view_filter ] --END-- [ RunTime:0.000302s ]
INFO: [ app_end ] --START--
INFO: Run Behavior\ShowPageTraceBehavior [ RunTime:0.000415s ]
INFO: [ app_end ] --END-- [ RunTime:0.000483s ]

[ 2015-12-10T17:42:08+08:00 ] 127.0.0.1 /activity/index.php/Home/Beself/
INFO: [ app_init ] --START--
INFO: Run Behavior\BuildLiteBehavior [ RunTime:0.000029s ]
INFO: [ app_init ] --END-- [ RunTime:0.000679s ]
INFO: [ app_begin ] --START--
INFO: Run Behavior\ReadHtmlCacheBehavior [ RunTime:0.000887s ]
INFO: [ app_begin ] --END-- [ RunTime:0.001013s ]
INFO: [ view_parse ] --START--
INFO: [ template_filter ] --START--
INFO: Run Behavior\ContentReplaceBehavior [ RunTime:0.000111s ]
INFO: [ template_filter ] --END-- [ RunTime:0.000241s ]
NOTIC: [8] Undefined variable: share_wx C:\wamp\www\activity\Application\Runtime\Cache\Home\2fb002fb0f0643fab390a2744f1d4e82.php 第 44 行.
NOTIC: [8] Undefined variable: share_wx C:\wamp\www\activity\Application\Runtime\Cache\Home\2fb002fb0f0643fab390a2744f1d4e82.php 第 45 行.
NOTIC: [8] Undefined variable: share_wx C:\wamp\www\activity\Application\Runtime\Cache\Home\2fb002fb0f0643fab390a2744f1d4e82.php 第 46 行.
NOTIC: [8] Undefined variable: share_wx C:\wamp\www\activity\Application\Runtime\Cache\Home\2fb002fb0f0643fab390a2744f1d4e82.php 第 47 行.
INFO: Run Behavior\ParseTemplateBehavior [ RunTime:0.009858s ]
INFO: [ view_parse ] --END-- [ RunTime:0.009993s ]
INFO: [ view_filter ] --START--
INFO: Run Behavior\WriteHtmlCacheBehavior [ RunTime:0.000523s ]
INFO: [ view_filter ] --END-- [ RunTime:0.000633s ]
INFO: [ app_end ] --START--
INFO: Run Behavior\ShowPageTraceBehavior [ RunTime:0.000833s ]
INFO: [ app_end ] --END-- [ RunTime:0.000946s ]

[ 2015-12-10T17:43:01+08:00 ] 127.0.0.1 /activity/index.php/Home/Beself/fileChange
INFO: [ app_init ] --START--
INFO: Run Behavior\BuildLiteBehavior [ RunTime:0.000082s ]
INFO: [ app_init ] --END-- [ RunTime:0.000806s ]
INFO: [ app_begin ] --START--
INFO: Run Behavior\ReadHtmlCacheBehavior [ RunTime:0.001100s ]
INFO: [ app_begin ] --END-- [ RunTime:0.001240s ]

[ 2015-12-10T17:43:02+08:00 ] 127.0.0.1 /activity/index.php/Home/Beself/
INFO: [ app_init ] --START--
INFO: Run Behavior\BuildLiteBehavior [ RunTime:0.000019s ]
INFO: [ app_init ] --END-- [ RunTime:0.000342s ]
INFO: [ app_begin ] --START--
INFO: Run Behavior\ReadHtmlCacheBehavior [ RunTime:0.001023s ]
INFO: [ app_begin ] --END-- [ RunTime:0.001260s ]
INFO: [ view_parse ] --START--
INFO: [ template_filter ] --START--
INFO: Run Behavior\ContentReplaceBehavior [ RunTime:0.000085s ]
INFO: [ template_filter ] --END-- [ RunTime:0.000188s ]
NOTIC: [8] Undefined variable: share_wx C:\wamp\www\activity\Application\Runtime\Cache\Home\2fb002fb0f0643fab390a2744f1d4e82.php 第 44 行.
NOTIC: [8] Undefined variable: share_wx C:\wamp\www\activity\Application\Runtime\Cache\Home\2fb002fb0f0643fab390a2744f1d4e82.php 第 45 行.
NOTIC: [8] Undefined variable: share_wx C:\wamp\www\activity\Application\Runtime\Cache\Home\2fb002fb0f0643fab390a2744f1d4e82.php 第 46 行.
NOTIC: [8] Undefined variable: share_wx C:\wamp\www\activity\Application\Runtime\Cache\Home\2fb002fb0f0643fab390a2744f1d4e82.php 第 47 行.
INFO: Run Behavior\ParseTemplateBehavior [ RunTime:0.009599s ]
INFO: [ view_parse ] --END-- [ RunTime:0.009814s ]
INFO: [ view_filter ] --START--
INFO: Run Behavior\WriteHtmlCacheBehavior [ RunTime:0.000393s ]
INFO: [ view_filter ] --END-- [ RunTime:0.000462s ]
INFO: [ app_end ] --START--
INFO: Run Behavior\ShowPageTraceBehavior [ RunTime:0.000520s ]
INFO: [ app_end ] --END-- [ RunTime:0.000587s ]

[ 2015-12-10T17:43:04+08:00 ] 127.0.0.1 /activity/index.php/Home/Beself/fileChange
INFO: [ app_init ] --START--
INFO: Run Behavior\BuildLiteBehavior [ RunTime:0.000083s ]
INFO: [ app_init ] --END-- [ RunTime:0.000937s ]
INFO: [ app_begin ] --START--
INFO: Run Behavior\ReadHtmlCacheBehavior [ RunTime:0.000817s ]
INFO: [ app_begin ] --END-- [ RunTime:0.000955s ]

[ 2015-12-10T17:43:25+08:00 ] 127.0.0.1 /activity/index.php/Home/Beself/
INFO: [ app_init ] --START--
INFO: Run Behavior\BuildLiteBehavior [ RunTime:0.000017s ]
INFO: [ app_init ] --END-- [ RunTime:0.000331s ]
INFO: [ app_begin ] --START--
INFO: Run Behavior\ReadHtmlCacheBehavior [ RunTime:0.000425s ]
INFO: [ app_begin ] --END-- [ RunTime:0.000497s ]
INFO: [ view_parse ] --START--
INFO: [ template_filter ] --START--
INFO: Run Behavior\ContentReplaceBehavior [ RunTime:0.000068s ]
INFO: [ template_filter ] --END-- [ RunTime:0.000144s ]
NOTIC: [8] Undefined variable: share_wx C:\wamp\www\activity\Application\Runtime\Cache\Home\2fb002fb0f0643fab390a2744f1d4e82.php 第 44 行.
NOTIC: [8] Undefined variable: share_wx C:\wamp\www\activity\Application\Runtime\Cache\Home\2fb002fb0f0643fab390a2744f1d4e82.php 第 45 行.
NOTIC: [8] Undefined variable: share_wx C:\wamp\www\activity\Application\Runtime\Cache\Home\2fb002fb0f0643fab390a2744f1d4e82.php 第 46 行.
NOTIC: [8] Undefined variable: share_wx C:\wamp\www\activity\Application\Runtime\Cache\Home\2fb002fb0f0643fab390a2744f1d4e82.php 第 47 行.
INFO: Run Behavior\ParseTemplateBehavior [ RunTime:0.005051s ]
INFO: [ view_parse ] --END-- [ RunTime:0.005127s ]
INFO: [ view_filter ] --START--
INFO: Run Behavior\WriteHtmlCacheBehavior [ RunTime:0.000259s ]
INFO: [ view_filter ] --END-- [ RunTime:0.000323s ]
INFO: [ app_end ] --START--
INFO: Run Behavior\ShowPageTraceBehavior [ RunTime:0.000422s ]
INFO: [ app_end ] --END-- [ RunTime:0.000488s ]

[ 2015-12-10T17:43:37+08:00 ] 127.0.0.1 /activity/index.php/Home/Beself/
INFO: [ app_init ] --START--
INFO: Run Behavior\BuildLiteBehavior [ RunTime:0.000020s ]
INFO: [ app_init ] --END-- [ RunTime:0.000431s ]
INFO: [ app_begin ] --START--
INFO: Run Behavior\ReadHtmlCacheBehavior [ RunTime:0.000601s ]
INFO: [ app_begin ] --END-- [ RunTime:0.000689s ]
INFO: [ view_parse ] --START--
INFO: [ template_filter ] --START--
INFO: Run Behavior\ContentReplaceBehavior [ RunTime:0.000093s ]
INFO: [ template_filter ] --END-- [ RunTime:0.000197s ]
NOTIC: [8] Undefined variable: share_wx C:\wamp\www\activity\Application\Runtime\Cache\Home\2fb002fb0f0643fab390a2744f1d4e82.php 第 44 行.
NOTIC: [8] Undefined variable: share_wx C:\wamp\www\activity\Application\Runtime\Cache\Home\2fb002fb0f0643fab390a2744f1d4e82.php 第 45 行.
NOTIC: [8] Undefined variable: share_wx C:\wamp\www\activity\Application\Runtime\Cache\Home\2fb002fb0f0643fab390a2744f1d4e82.php 第 46 行.
NOTIC: [8] Undefined variable: share_wx C:\wamp\www\activity\Application\Runtime\Cache\Home\2fb002fb0f0643fab390a2744f1d4e82.php 第 47 行.
INFO: Run Behavior\ParseTemplateBehavior [ RunTime:0.007307s ]
INFO: [ view_parse ] --END-- [ RunTime:0.007394s ]
INFO: [ view_filter ] --START--
INFO: Run Behavior\WriteHtmlCacheBehavior [ RunTime:0.000384s ]
INFO: [ view_filter ] --END-- [ RunTime:0.000461s ]
INFO: [ app_end ] --START--
INFO: Run Behavior\ShowPageTraceBehavior [ RunTime:0.000580s ]
INFO: [ app_end ] --END-- [ RunTime:0.000658s ]

[ 2015-12-10T17:43:38+08:00 ] 127.0.0.1 /activity/index.php/Home/Beself/
INFO: [ app_init ] --START--
INFO: Run Behavior\BuildLiteBehavior [ RunTime:0.000040s ]
INFO: [ app_init ] --END-- [ RunTime:0.000831s ]
INFO: [ app_begin ] --START--
INFO: Run Behavior\ReadHtmlCacheBehavior [ RunTime:0.000996s ]
INFO: [ app_begin ] --END-- [ RunTime:0.001174s ]
INFO: [ view_parse ] --START--
INFO: [ template_filter ] --START--
INFO: Run Behavior\ContentReplaceBehavior [ RunTime:0.000067s ]
INFO: [ template_filter ] --END-- [ RunTime:0.000143s ]
NOTIC: [8] Undefined variable: share_wx C:\wamp\www\activity\Application\Runtime\Cache\Home\2fb002fb0f0643fab390a2744f1d4e82.php 第 44 行.
NOTIC: [8] Undefined variable: share_wx C:\wamp\www\activity\Application\Runtime\Cache\Home\2fb002fb0f0643fab390a2744f1d4e82.php 第 45 行.
NOTIC: [8] Undefined variable: share_wx C:\wamp\www\activity\Application\Runtime\Cache\Home\2fb002fb0f0643fab390a2744f1d4e82.php 第 46 行.
NOTIC: [8] Undefined variable: share_wx C:\wamp\www\activity\Application\Runtime\Cache\Home\2fb002fb0f0643fab390a2744f1d4e82.php 第 47 行.
INFO: Run Behavior\ParseTemplateBehavior [ RunTime:0.004997s ]
INFO: [ view_parse ] --END-- [ RunTime:0.005067s ]
INFO: [ view_filter ] --START--
INFO: Run Behavior\WriteHtmlCacheBehavior [ RunTime:0.000240s ]
INFO: [ view_filter ] --END-- [ RunTime:0.000303s ]
INFO: [ app_end ] --START--
INFO: Run Behavior\ShowPageTraceBehavior [ RunTime:0.000418s ]
INFO: [ app_end ] --END-- [ RunTime:0.000483s ]

[ 2015-12-10T17:43:42+08:00 ] 127.0.0.1 /activity/index.php/Home/Beself/fileChange
INFO: [ app_init ] --START--
INFO: Run Behavior\BuildLiteBehavior [ RunTime:0.000021s ]
INFO: [ app_init ] --END-- [ RunTime:0.000357s ]
INFO: [ app_begin ] --START--
INFO: Run Behavior\ReadHtmlCacheBehavior [ RunTime:0.000479s ]
INFO: [ app_begin ] --END-- [ RunTime:0.000573s ]

[ 2015-12-10T17:44:16+08:00 ] 127.0.0.1 /activity/index.php/Home/Beself/
INFO: [ app_init ] --START--
INFO: Run Behavior\BuildLiteBehavior [ RunTime:0.000027s ]
INFO: [ app_init ] --END-- [ RunTime:0.000555s ]
INFO: [ app_begin ] --START--
INFO: Run Behavior\ReadHtmlCacheBehavior [ RunTime:0.000719s ]
INFO: [ app_begin ] --END-- [ RunTime:0.000844s ]
INFO: [ view_parse ] --START--
INFO: [ template_filter ] --START--
INFO: Run Behavior\ContentReplaceBehavior [ RunTime:0.000113s ]
INFO: [ template_filter ] --END-- [ RunTime:0.000244s ]
NOTIC: [8] Undefined variable: share_wx C:\wamp\www\activity\Application\Runtime\Cache\Home\2fb002fb0f0643fab390a2744f1d4e82.php 第 44 行.
NOTIC: [8] Undefined variable: share_wx C:\wamp\www\activity\Application\Runtime\Cache\Home\2fb002fb0f0643fab390a2744f1d4e82.php 第 45 行.
NOTIC: [8] Undefined variable: share_wx C:\wamp\www\activity\Application\Runtime\Cache\Home\2fb002fb0f0643fab390a2744f1d4e82.php 第 46 行.
NOTIC: [8] Undefined variable: share_wx C:\wamp\www\activity\Application\Runtime\Cache\Home\2fb002fb0f0643fab390a2744f1d4e82.php 第 47 行.
INFO: Run Behavior\ParseTemplateBehavior [ RunTime:0.010194s ]
INFO: [ view_parse ] --END-- [ RunTime:0.010315s ]
INFO: [ view_filter ] --START--
INFO: Run Behavior\WriteHtmlCacheBehavior [ RunTime:0.000242s ]
INFO: [ view_filter ] --END-- [ RunTime:0.000342s ]
INFO: [ app_end ] --START--
INFO: Run Behavior\ShowPageTraceBehavior [ RunTime:0.000444s ]
INFO: [ app_end ] --END-- [ RunTime:0.000509s ]

[ 2015-12-10T17:44:17+08:00 ] 127.0.0.1 /activity/index.php/Home/Beself/
INFO: [ app_init ] --START--
INFO: Run Behavior\BuildLiteBehavior [ RunTime:0.000030s ]
INFO: [ app_init ] --END-- [ RunTime:0.000588s ]
INFO: [ app_begin ] --START--
INFO: Run Behavior\ReadHtmlCacheBehavior [ RunTime:0.000691s ]
INFO: [ app_begin ] --END-- [ RunTime:0.000816s ]
INFO: [ view_parse ] --START--
INFO: [ template_filter ] --START--
INFO: Run Behavior\ContentReplaceBehavior [ RunTime:0.000113s ]
INFO: [ template_filter ] --END-- [ RunTime:0.000246s ]
NOTIC: [8] Undefined variable: share_wx C:\wamp\www\activity\Application\Runtime\Cache\Home\2fb002fb0f0643fab390a2744f1d4e82.php 第 44 行.
NOTIC: [8] Undefined variable: share_wx C:\wamp\www\activity\Application\Runtime\Cache\Home\2fb002fb0f0643fab390a2744f1d4e82.php 第 45 行.
NOTIC: [8] Undefined variable: share_wx C:\wamp\www\activity\Application\Runtime\Cache\Home\2fb002fb0f0643fab390a2744f1d4e82.php 第 46 行.
NOTIC: [8] Undefined variable: share_wx C:\wamp\www\activity\Application\Runtime\Cache\Home\2fb002fb0f0643fab390a2744f1d4e82.php 第 47 行.
INFO: Run Behavior\ParseTemplateBehavior [ RunTime:0.009273s ]
INFO: [ view_parse ] --END-- [ RunTime:0.009396s ]
INFO: [ view_filter ] --START--
INFO: Run Behavior\WriteHtmlCacheBehavior [ RunTime:0.000420s ]
INFO: [ view_filter ] --END-- [ RunTime:0.000530s ]
INFO: [ app_end ] --START--
INFO: Run Behavior\ShowPageTraceBehavior [ RunTime:0.000737s ]
INFO: [ app_end ] --END-- [ RunTime:0.000849s ]

[ 2015-12-10T17:44:18+08:00 ] 127.0.0.1 /activity/index.php/Home/Beself/
INFO: [ app_init ] --START--
INFO: Run Behavior\BuildLiteBehavior [ RunTime:0.000028s ]
INFO: [ app_init ] --END-- [ RunTime:0.000589s ]
INFO: [ app_begin ] --START--
INFO: Run Behavior\ReadHtmlCacheBehavior [ RunTime:0.001287s ]
INFO: [ app_begin ] --END-- [ RunTime:0.001483s ]
INFO: [ view_parse ] --START--
INFO: [ template_filter ] --START--
INFO: Run Behavior\ContentReplaceBehavior [ RunTime:0.000069s ]
INFO: [ template_filter ] --END-- [ RunTime:0.000160s ]
NOTIC: [8] Undefined variable: share_wx C:\wamp\www\activity\Application\Runtime\Cache\Home\2fb002fb0f0643fab390a2744f1d4e82.php 第 44 行.
NOTIC: [8] Undefined variable: share_wx C:\wamp\www\activity\Application\Runtime\Cache\Home\2fb002fb0f0643fab390a2744f1d4e82.php 第 45 行.
NOTIC: [8] Undefined variable: share_wx C:\wamp\www\activity\Application\Runtime\Cache\Home\2fb002fb0f0643fab390a2744f1d4e82.php 第 46 行.
NOTIC: [8] Undefined variable: share_wx C:\wamp\www\activity\Application\Runtime\Cache\Home\2fb002fb0f0643fab390a2744f1d4e82.php 第 47 行.
INFO: Run Behavior\ParseTemplateBehavior [ RunTime:0.007433s ]
INFO: [ view_parse ] --END-- [ RunTime:0.007534s ]
INFO: [ view_filter ] --START--
INFO: Run Behavior\WriteHtmlCacheBehavior [ RunTime:0.000300s ]
INFO: [ view_filter ] --END-- [ RunTime:0.000364s ]
INFO: [ app_end ] --START--
INFO: Run Behavior\ShowPageTraceBehavior [ RunTime:0.000505s ]
INFO: [ app_end ] --END-- [ RunTime:0.000571s ]

[ 2015-12-10T17:44:18+08:00 ] 127.0.0.1 /activity/index.php/Home/Beself/
INFO: [ app_init ] --START--
INFO: Run Behavior\BuildLiteBehavior [ RunTime:0.000018s ]
INFO: [ app_init ] --END-- [ RunTime:0.000334s ]
INFO: [ app_begin ] --START--
INFO: Run Behavior\ReadHtmlCacheBehavior [ RunTime:0.000536s ]
INFO: [ app_begin ] --END-- [ RunTime:0.000630s ]
INFO: [ view_parse ] --START--
INFO: [ template_filter ] --START--
INFO: Run Behavior\ContentReplaceBehavior [ RunTime:0.000072s ]
INFO: [ template_filter ] --END-- [ RunTime:0.000169s ]
NOTIC: [8] Undefined variable: share_wx C:\wamp\www\activity\Application\Runtime\Cache\Home\2fb002fb0f0643fab390a2744f1d4e82.php 第 44 行.
NOTIC: [8] Undefined variable: share_wx C:\wamp\www\activity\Application\Runtime\Cache\Home\2fb002fb0f0643fab390a2744f1d4e82.php 第 45 行.
NOTIC: [8] Undefined variable: share_wx C:\wamp\www\activity\Application\Runtime\Cache\Home\2fb002fb0f0643fab390a2744f1d4e82.php 第 46 行.
NOTIC: [8] Undefined variable: share_wx C:\wamp\www\activity\Application\Runtime\Cache\Home\2fb002fb0f0643fab390a2744f1d4e82.php 第 47 行.
INFO: Run Behavior\ParseTemplateBehavior [ RunTime:0.006000s ]
INFO: [ view_parse ] --END-- [ RunTime:0.006074s ]
INFO: [ view_filter ] --START--
INFO: Run Behavior\WriteHtmlCacheBehavior [ RunTime:0.000264s ]
INFO: [ view_filter ] --END-- [ RunTime:0.000330s ]
INFO: [ app_end ] --START--
INFO: Run Behavior\ShowPageTraceBehavior [ RunTime:0.000429s ]
INFO: [ app_end ] --END-- [ RunTime:0.000498s ]

[ 2015-12-10T17:44:18+08:00 ] 127.0.0.1 /activity/index.php/Home/Beself/
INFO: [ app_init ] --START--
INFO: Run Behavior\BuildLiteBehavior [ RunTime:0.000017s ]
INFO: [ app_init ] --END-- [ RunTime:0.000367s ]
INFO: [ app_begin ] --START--
INFO: Run Behavior\ReadHtmlCacheBehavior [ RunTime:0.000925s ]
INFO: [ app_begin ] --END-- [ RunTime:0.001042s ]
INFO: [ view_parse ] --START--
INFO: [ template_filter ] --START--
INFO: Run Behavior\ContentReplaceBehavior [ RunTime:0.000067s ]
INFO: [ template_filter ] --END-- [ RunTime:0.000143s ]
NOTIC: [8] Undefined variable: share_wx C:\wamp\www\activity\Application\Runtime\Cache\Home\2fb002fb0f0643fab390a2744f1d4e82.php 第 44 行.
NOTIC: [8] Undefined variable: share_wx C:\wamp\www\activity\Application\Runtime\Cache\Home\2fb002fb0f0643fab390a2744f1d4e82.php 第 45 行.
NOTIC: [8] Undefined variable: share_wx C:\wamp\www\activity\Application\Runtime\Cache\Home\2fb002fb0f0643fab390a2744f1d4e82.php 第 46 行.
NOTIC: [8] Undefined variable: share_wx C:\wamp\www\activity\Application\Runtime\Cache\Home\2fb002fb0f0643fab390a2744f1d4e82.php 第 47 行.
INFO: Run Behavior\ParseTemplateBehavior [ RunTime:0.005381s ]
INFO: [ view_parse ] --END-- [ RunTime:0.005470s ]
INFO: [ view_filter ] --START--
INFO: Run Behavior\WriteHtmlCacheBehavior [ RunTime:0.000314s ]
INFO: [ view_filter ] --END-- [ RunTime:0.000379s ]
INFO: [ app_end ] --START--
INFO: Run Behavior\ShowPageTraceBehavior [ RunTime:0.000483s ]
INFO: [ app_end ] --END-- [ RunTime:0.000548s ]

[ 2015-12-10T17:44:32+08:00 ] 127.0.0.1 /activity/index.php/Home/Beself/
INFO: [ app_init ] --START--
INFO: Run Behavior\BuildLiteBehavior [ RunTime:0.000027s ]
INFO: [ app_init ] --END-- [ RunTime:0.000548s ]
INFO: [ app_begin ] --START--
INFO: Run Behavior\ReadHtmlCacheBehavior [ RunTime:0.000671s ]
INFO: [ app_begin ] --END-- [ RunTime:0.000795s ]
INFO: [ view_parse ] --START--
INFO: [ template_filter ] --START--
INFO: Run Behavior\ContentReplaceBehavior [ RunTime:0.000110s ]
INFO: [ template_filter ] --END-- [ RunTime:0.000237s ]
NOTIC: [8] Undefined variable: share_wx C:\wamp\www\activity\Application\Runtime\Cache\Home\2fb002fb0f0643fab390a2744f1d4e82.php 第 44 行.
NOTIC: [8] Undefined variable: share_wx C:\wamp\www\activity\Application\Runtime\Cache\Home\2fb002fb0f0643fab390a2744f1d4e82.php 第 45 行.
NOTIC: [8] Undefined variable: share_wx C:\wamp\www\activity\Application\Runtime\Cache\Home\2fb002fb0f0643fab390a2744f1d4e82.php 第 46 行.
NOTIC: [8] Undefined variable: share_wx C:\wamp\www\activity\Application\Runtime\Cache\Home\2fb002fb0f0643fab390a2744f1d4e82.php 第 47 行.
INFO: Run Behavior\ParseTemplateBehavior [ RunTime:0.008802s ]
INFO: [ view_parse ] --END-- [ RunTime:0.008923s ]
INFO: [ view_filter ] --START--
INFO: Run Behavior\WriteHtmlCacheBehavior [ RunTime:0.000405s ]
INFO: [ view_filter ] --END-- [ RunTime:0.000513s ]
INFO: [ app_end ] --START--
INFO: Run Behavior\ShowPageTraceBehavior [ RunTime:0.000750s ]
INFO: [ app_end ] --END-- [ RunTime:0.000882s ]

[ 2015-12-10T17:44:33+08:00 ] 127.0.0.1 /activity/index.php/Home/Beself/
INFO: [ app_init ] --START--
INFO: Run Behavior\BuildLiteBehavior [ RunTime:0.000034s ]
INFO: [ app_init ] --END-- [ RunTime:0.000703s ]
INFO: [ app_begin ] --START--
INFO: Run Behavior\ReadHtmlCacheBehavior [ RunTime:0.000851s ]
INFO: [ app_begin ] --END-- [ RunTime:0.001028s ]
INFO: [ view_parse ] --START--
INFO: [ template_filter ] --START--
INFO: Run Behavior\ContentReplaceBehavior [ RunTime:0.000078s ]
INFO: [ template_filter ] --END-- [ RunTime:0.000158s ]
NOTIC: [8] Undefined variable: share_wx C:\wamp\www\activity\Application\Runtime\Cache\Home\2fb002fb0f0643fab390a2744f1d4e82.php 第 44 行.
NOTIC: [8] Undefined variable: share_wx C:\wamp\www\activity\Application\Runtime\Cache\Home\2fb002fb0f0643fab390a2744f1d4e82.php 第 45 行.
NOTIC: [8] Undefined variable: share_wx C:\wamp\www\activity\Application\Runtime\Cache\Home\2fb002fb0f0643fab390a2744f1d4e82.php 第 46 行.
NOTIC: [8] Undefined variable: share_wx C:\wamp\www\activity\Application\Runtime\Cache\Home\2fb002fb0f0643fab390a2744f1d4e82.php 第 47 行.
INFO: Run Behavior\ParseTemplateBehavior [ RunTime:0.005766s ]
INFO: [ view_parse ] --END-- [ RunTime:0.005874s ]
INFO: [ view_filter ] --START--
INFO: Run Behavior\WriteHtmlCacheBehavior [ RunTime:0.000249s ]
INFO: [ view_filter ] --END-- [ RunTime:0.000314s ]
INFO: [ app_end ] --START--
INFO: Run Behavior\ShowPageTraceBehavior [ RunTime:0.000423s ]
INFO: [ app_end ] --END-- [ RunTime:0.000489s ]

[ 2015-12-10T17:44:34+08:00 ] 127.0.0.1 /activity/index.php/Home/Beself/
INFO: [ app_init ] --START--
INFO: Run Behavior\BuildLiteBehavior [ RunTime:0.000038s ]
INFO: [ app_init ] --END-- [ RunTime:0.000730s ]
INFO: [ app_begin ] --START--
INFO: Run Behavior\ReadHtmlCacheBehavior [ RunTime:0.000618s ]
INFO: [ app_begin ] --END-- [ RunTime:0.000738s ]
INFO: [ view_parse ] --START--
INFO: [ template_filter ] --START--
INFO: Run Behavior\ContentReplaceBehavior [ RunTime:0.000068s ]
INFO: [ template_filter ] --END-- [ RunTime:0.000149s ]
NOTIC: [8] Undefined variable: share_wx C:\wamp\www\activity\Application\Runtime\Cache\Home\2fb002fb0f0643fab390a2744f1d4e82.php 第 44 行.
NOTIC: [8] Undefined variable: share_wx C:\wamp\www\activity\Application\Runtime\Cache\Home\2fb002fb0f0643fab390a2744f1d4e82.php 第 45 行.
NOTIC: [8] Undefined variable: share_wx C:\wamp\www\activity\Application\Runtime\Cache\Home\2fb002fb0f0643fab390a2744f1d4e82.php 第 46 行.
NOTIC: [8] Undefined variable: share_wx C:\wamp\www\activity\Application\Runtime\Cache\Home\2fb002fb0f0643fab390a2744f1d4e82.php 第 47 行.
INFO: Run Behavior\ParseTemplateBehavior [ RunTime:0.005222s ]
INFO: [ view_parse ] --END-- [ RunTime:0.005301s ]
INFO: [ view_filter ] --START--
INFO: Run Behavior\WriteHtmlCacheBehavior [ RunTime:0.000255s ]
INFO: [ view_filter ] --END-- [ RunTime:0.000319s ]
INFO: [ app_end ] --START--
INFO: Run Behavior\ShowPageTraceBehavior [ RunTime:0.000492s ]
INFO: [ app_end ] --END-- [ RunTime:0.000624s ]

[ 2015-12-10T17:44:36+08:00 ] 127.0.0.1 /activity/index.php/Home/Beself/
INFO: [ app_init ] --START--
INFO: Run Behavior\BuildLiteBehavior [ RunTime:0.000033s ]
INFO: [ app_init ] --END-- [ RunTime:0.000666s ]
INFO: [ app_begin ] --START--
INFO: Run Behavior\ReadHtmlCacheBehavior [ RunTime:0.000847s ]
INFO: [ app_begin ] --END-- [ RunTime:0.001002s ]
INFO: [ view_parse ] --START--
INFO: [ template_filter ] --START--
INFO: Run Behavior\ContentReplaceBehavior [ RunTime:0.000070s ]
INFO: [ template_filter ] --END-- [ RunTime:0.000153s ]
NOTIC: [8] Undefined variable: share_wx C:\wamp\www\activity\Application\Runtime\Cache\Home\2fb002fb0f0643fab390a2744f1d4e82.php 第 44 行.
NOTIC: [8] Undefined variable: share_wx C:\wamp\www\activity\Application\Runtime\Cache\Home\2fb002fb0f0643fab390a2744f1d4e82.php 第 45 行.
NOTIC: [8] Undefined variable: share_wx C:\wamp\www\activity\Application\Runtime\Cache\Home\2fb002fb0f0643fab390a2744f1d4e82.php 第 46 行.
NOTIC: [8] Undefined variable: share_wx C:\wamp\www\activity\Application\Runtime\Cache\Home\2fb002fb0f0643fab390a2744f1d4e82.php 第 47 行.
INFO: Run Behavior\ParseTemplateBehavior [ RunTime:0.008498s ]
INFO: [ view_parse ] --END-- [ RunTime:0.008615s ]
INFO: [ view_filter ] --START--
INFO: Run Behavior\WriteHtmlCacheBehavior [ RunTime:0.000255s ]
INFO: [ view_filter ] --END-- [ RunTime:0.000320s ]
INFO: [ app_end ] --START--
INFO: Run Behavior\ShowPageTraceBehavior [ RunTime:0.000442s ]
INFO: [ app_end ] --END-- [ RunTime:0.000508s ]

[ 2015-12-10T17:47:11+08:00 ] 127.0.0.1 /activity/index.php/Home/Beself/
INFO: [ app_init ] --START--
INFO: Run Behavior\BuildLiteBehavior [ RunTime:0.000017s ]
INFO: [ app_init ] --END-- [ RunTime:0.000354s ]
INFO: [ app_begin ] --START--
INFO: Run Behavior\ReadHtmlCacheBehavior [ RunTime:0.000476s ]
INFO: [ app_begin ] --END-- [ RunTime:0.000548s ]
INFO: [ view_parse ] --START--
INFO: [ template_filter ] --START--
INFO: Run Behavior\ContentReplaceBehavior [ RunTime:0.000069s ]
INFO: [ template_filter ] --END-- [ RunTime:0.000147s ]
NOTIC: [8] Undefined variable: share_wx C:\wamp\www\activity\Application\Runtime\Cache\Home\2fb002fb0f0643fab390a2744f1d4e82.php 第 44 行.
NOTIC: [8] Undefined variable: share_wx C:\wamp\www\activity\Application\Runtime\Cache\Home\2fb002fb0f0643fab390a2744f1d4e82.php 第 45 行.
NOTIC: [8] Undefined variable: share_wx C:\wamp\www\activity\Application\Runtime\Cache\Home\2fb002fb0f0643fab390a2744f1d4e82.php 第 46 行.
NOTIC: [8] Undefined variable: share_wx C:\wamp\www\activity\Application\Runtime\Cache\Home\2fb002fb0f0643fab390a2744f1d4e82.php 第 47 行.
INFO: Run Behavior\ParseTemplateBehavior [ RunTime:0.005479s ]
INFO: [ view_parse ] --END-- [ RunTime:0.005550s ]
INFO: [ view_filter ] --START--
INFO: Run Behavior\WriteHtmlCacheBehavior [ RunTime:0.000359s ]
INFO: [ view_filter ] --END-- [ RunTime:0.000442s ]
INFO: [ app_end ] --START--
INFO: Run Behavior\ShowPageTraceBehavior [ RunTime:0.000706s ]
INFO: [ app_end ] --END-- [ RunTime:0.000805s ]

[ 2015-12-10T17:47:16+08:00 ] 127.0.0.1 /activity/index.php/Home/Beself/fileChange
INFO: [ app_init ] --START--
INFO: Run Behavior\BuildLiteBehavior [ RunTime:0.000019s ]
INFO: [ app_init ] --END-- [ RunTime:0.000369s ]
INFO: [ app_begin ] --START--
INFO: Run Behavior\ReadHtmlCacheBehavior [ RunTime:0.000578s ]
INFO: [ app_begin ] --END-- [ RunTime:0.000677s ]

[ 2015-12-10T17:47:19+08:00 ] 127.0.0.1 /activity/index.php/Home/Beself/fileChange
INFO: [ app_init ] --START--
INFO: Run Behavior\BuildLiteBehavior [ RunTime:0.000018s ]
INFO: [ app_init ] --END-- [ RunTime:0.000318s ]
INFO: [ app_begin ] --START--
INFO: Run Behavior\ReadHtmlCacheBehavior [ RunTime:0.000394s ]
INFO: [ app_begin ] --END-- [ RunTime:0.000471s ]

[ 2015-12-10T17:47:26+08:00 ] 127.0.0.1 /activity/index.php/Home/Beself/fileChange
INFO: [ app_init ] --START--
INFO: Run Behavior\BuildLiteBehavior [ RunTime:0.000018s ]
INFO: [ app_init ] --END-- [ RunTime:0.000354s ]
INFO: [ app_begin ] --START--
INFO: Run Behavior\ReadHtmlCacheBehavior [ RunTime:0.000476s ]
INFO: [ app_begin ] --END-- [ RunTime:0.000549s ]

[ 2015-12-10T17:47:43+08:00 ] 127.0.0.1 /activity/index.php/Home/Beself/
INFO: [ app_init ] --START--
INFO: Run Behavior\BuildLiteBehavior [ RunTime:0.000027s ]
INFO: [ app_init ] --END-- [ RunTime:0.000528s ]
INFO: [ app_begin ] --START--
INFO: Run Behavior\ReadHtmlCacheBehavior [ RunTime:0.000681s ]
INFO: [ app_begin ] --END-- [ RunTime:0.000803s ]
INFO: [ view_parse ] --START--
INFO: [ template_filter ] --START--
INFO: Run Behavior\ContentReplaceBehavior [ RunTime:0.000112s ]
INFO: [ template_filter ] --END-- [ RunTime:0.000244s ]
NOTIC: [8] Undefined variable: share_wx C:\wamp\www\activity\Application\Runtime\Cache\Home\2fb002fb0f0643fab390a2744f1d4e82.php 第 44 行.
NOTIC: [8] Undefined variable: share_wx C:\wamp\www\activity\Application\Runtime\Cache\Home\2fb002fb0f0643fab390a2744f1d4e82.php 第 45 行.
NOTIC: [8] Undefined variable: share_wx C:\wamp\www\activity\Application\Runtime\Cache\Home\2fb002fb0f0643fab390a2744f1d4e82.php 第 46 行.
NOTIC: [8] Undefined variable: share_wx C:\wamp\www\activity\Application\Runtime\Cache\Home\2fb002fb0f0643fab390a2744f1d4e82.php 第 47 行.
INFO: Run Behavior\ParseTemplateBehavior [ RunTime:0.009243s ]
INFO: [ view_parse ] --END-- [ RunTime:0.009365s ]
INFO: [ view_filter ] --START--
INFO: Run Behavior\WriteHtmlCacheBehavior [ RunTime:0.000511s ]
INFO: [ view_filter ] --END-- [ RunTime:0.000625s ]
INFO: [ app_end ] --START--
INFO: Run Behavior\ShowPageTraceBehavior [ RunTime:0.000840s ]
INFO: [ app_end ] --END-- [ RunTime:0.000952s ]

[ 2015-12-10T17:47:46+08:00 ] 127.0.0.1 /activity/index.php/Home/Beself/
INFO: [ app_init ] --START--
INFO: Run Behavior\BuildLiteBehavior [ RunTime:0.000032s ]
INFO: [ app_init ] --END-- [ RunTime:0.000532s ]
INFO: [ app_begin ] --START--
INFO: Run Behavior\ReadHtmlCacheBehavior [ RunTime:0.000696s ]
INFO: [ app_begin ] --END-- [ RunTime:0.000820s ]
INFO: [ view_parse ] --START--
INFO: [ template_filter ] --START--
INFO: Run Behavior\ContentReplaceBehavior [ RunTime:0.000113s ]
INFO: [ template_filter ] --END-- [ RunTime:0.000249s ]
NOTIC: [8] Undefined variable: share_wx C:\wamp\www\activity\Application\Runtime\Cache\Home\2fb002fb0f0643fab390a2744f1d4e82.php 第 44 行.
NOTIC: [8] Undefined variable: share_wx C:\wamp\www\activity\Application\Runtime\Cache\Home\2fb002fb0f0643fab390a2744f1d4e82.php 第 45 行.
NOTIC: [8] Undefined variable: share_wx C:\wamp\www\activity\Application\Runtime\Cache\Home\2fb002fb0f0643fab390a2744f1d4e82.php 第 46 行.
NOTIC: [8] Undefined variable: share_wx C:\wamp\www\activity\Application\Runtime\Cache\Home\2fb002fb0f0643fab390a2744f1d4e82.php 第 47 行.
INFO: Run Behavior\ParseTemplateBehavior [ RunTime:0.009394s ]
INFO: [ view_parse ] --END-- [ RunTime:0.009514s ]
INFO: [ view_filter ] --START--
INFO: Run Behavior\WriteHtmlCacheBehavior [ RunTime:0.000426s ]
INFO: [ view_filter ] --END-- [ RunTime:0.000533s ]
INFO: [ app_end ] --START--
INFO: Run Behavior\ShowPageTraceBehavior [ RunTime:0.000727s ]
INFO: [ app_end ] --END-- [ RunTime:0.000839s ]

[ 2015-12-10T17:47:51+08:00 ] 127.0.0.1 /activity/index.php/Home/Beself/fileChange
INFO: [ app_init ] --START--
INFO: Run Behavior\BuildLiteBehavior [ RunTime:0.000017s ]
INFO: [ app_init ] --END-- [ RunTime:0.000317s ]
INFO: [ app_begin ] --START--
INFO: Run Behavior\ReadHtmlCacheBehavior [ RunTime:0.000383s ]
INFO: [ app_begin ] --END-- [ RunTime:0.000455s ]

[ 2015-12-10T17:48:04+08:00 ] 127.0.0.1 /activity/index.php/Home/Beself/
INFO: [ app_init ] --START--
INFO: Run Behavior\BuildLiteBehavior [ RunTime:0.000166s ]
INFO: [ app_init ] --END-- [ RunTime:0.000810s ]
INFO: [ app_begin ] --START--
INFO: Run Behavior\ReadHtmlCacheBehavior [ RunTime:0.000855s ]
INFO: [ app_begin ] --END-- [ RunTime:0.000975s ]
INFO: [ view_parse ] --START--
INFO: [ template_filter ] --START--
INFO: Run Behavior\ContentReplaceBehavior [ RunTime:0.000068s ]
INFO: [ template_filter ] --END-- [ RunTime:0.000146s ]
NOTIC: [8] Undefined variable: share_wx C:\wamp\www\activity\Application\Runtime\Cache\Home\2fb002fb0f0643fab390a2744f1d4e82.php 第 44 行.
NOTIC: [8] Undefined variable: share_wx C:\wamp\www\activity\Application\Runtime\Cache\Home\2fb002fb0f0643fab390a2744f1d4e82.php 第 45 行.
NOTIC: [8] Undefined variable: share_wx C:\wamp\www\activity\Application\Runtime\Cache\Home\2fb002fb0f0643fab390a2744f1d4e82.php 第 46 行.
NOTIC: [8] Undefined variable: share_wx C:\wamp\www\activity\Application\Runtime\Cache\Home\2fb002fb0f0643fab390a2744f1d4e82.php 第 47 行.
INFO: Run Behavior\ParseTemplateBehavior [ RunTime:0.005323s ]
INFO: [ view_parse ] --END-- [ RunTime:0.005400s ]
INFO: [ view_filter ] --START--
INFO: Run Behavior\WriteHtmlCacheBehavior [ RunTime:0.000242s ]
INFO: [ view_filter ] --END-- [ RunTime:0.000306s ]
INFO: [ app_end ] --START--
INFO: Run Behavior\ShowPageTraceBehavior [ RunTime:0.000413s ]
INFO: [ app_end ] --END-- [ RunTime:0.000477s ]

[ 2015-12-10T17:48:05+08:00 ] 127.0.0.1 /activity/index.php/Home/Beself/
INFO: [ app_init ] --START--
INFO: Run Behavior\BuildLiteBehavior [ RunTime:0.000024s ]
INFO: [ app_init ] --END-- [ RunTime:0.000575s ]
INFO: [ app_begin ] --START--
INFO: Run Behavior\ReadHtmlCacheBehavior [ RunTime:0.000571s ]
INFO: [ app_begin ] --END-- [ RunTime:0.000675s ]
INFO: [ view_parse ] --START--
INFO: [ template_filter ] --START--
INFO: Run Behavior\ContentReplaceBehavior [ RunTime:0.000071s ]
INFO: [ template_filter ] --END-- [ RunTime:0.000153s ]
NOTIC: [8] Undefined variable: share_wx C:\wamp\www\activity\Application\Runtime\Cache\Home\2fb002fb0f0643fab390a2744f1d4e82.php 第 44 行.
NOTIC: [8] Undefined variable: share_wx C:\wamp\www\activity\Application\Runtime\Cache\Home\2fb002fb0f0643fab390a2744f1d4e82.php 第 45 行.
NOTIC: [8] Undefined variable: share_wx C:\wamp\www\activity\Application\Runtime\Cache\Home\2fb002fb0f0643fab390a2744f1d4e82.php 第 46 行.
NOTIC: [8] Undefined variable: share_wx C:\wamp\www\activity\Application\Runtime\Cache\Home\2fb002fb0f0643fab390a2744f1d4e82.php 第 47 行.
INFO: Run Behavior\ParseTemplateBehavior [ RunTime:0.005624s ]
INFO: [ view_parse ] --END-- [ RunTime:0.005704s ]
INFO: [ view_filter ] --START--
INFO: Run Behavior\WriteHtmlCacheBehavior [ RunTime:0.000269s ]
INFO: [ view_filter ] --END-- [ RunTime:0.000336s ]
INFO: [ app_end ] --START--
INFO: Run Behavior\ShowPageTraceBehavior [ RunTime:0.000478s ]
INFO: [ app_end ] --END-- [ RunTime:0.000550s ]

[ 2015-12-10T17:48:05+08:00 ] 127.0.0.1 /activity/index.php/Home/Beself/
INFO: [ app_init ] --START--
INFO: Run Behavior\BuildLiteBehavior [ RunTime:0.000022s ]
INFO: [ app_init ] --END-- [ RunTime:0.000489s ]
INFO: [ app_begin ] --START--
INFO: Run Behavior\ReadHtmlCacheBehavior [ RunTime:0.000661s ]
INFO: [ app_begin ] --END-- [ RunTime:0.000762s ]
INFO: [ view_parse ] --START--
INFO: [ template_filter ] --START--
INFO: Run Behavior\ContentReplaceBehavior [ RunTime:0.000088s ]
INFO: [ template_filter ] --END-- [ RunTime:0.000185s ]
NOTIC: [8] Undefined variable: share_wx C:\wamp\www\activity\Application\Runtime\Cache\Home\2fb002fb0f0643fab390a2744f1d4e82.php 第 44 行.
NOTIC: [8] Undefined variable: share_wx C:\wamp\www\activity\Application\Runtime\Cache\Home\2fb002fb0f0643fab390a2744f1d4e82.php 第 45 行.
NOTIC: [8] Undefined variable: share_wx C:\wamp\www\activity\Application\Runtime\Cache\Home\2fb002fb0f0643fab390a2744f1d4e82.php 第 46 行.
NOTIC: [8] Undefined variable: share_wx C:\wamp\www\activity\Application\Runtime\Cache\Home\2fb002fb0f0643fab390a2744f1d4e82.php 第 47 行.
INFO: Run Behavior\ParseTemplateBehavior [ RunTime:0.007302s ]
INFO: [ view_parse ] --END-- [ RunTime:0.007398s ]
INFO: [ view_filter ] --START--
INFO: Run Behavior\WriteHtmlCacheBehavior [ RunTime:0.000402s ]
INFO: [ view_filter ] --END-- [ RunTime:0.000486s ]
INFO: [ app_end ] --START--
INFO: Run Behavior\ShowPageTraceBehavior [ RunTime:0.000702s ]
INFO: [ app_end ] --END-- [ RunTime:0.000791s ]

[ 2015-12-10T17:48:05+08:00 ] 127.0.0.1 /activity/index.php/Home/Beself/
INFO: [ app_init ] --START--
INFO: Run Behavior\BuildLiteBehavior [ RunTime:0.000038s ]
INFO: [ app_init ] --END-- [ RunTime:0.000771s ]
INFO: [ app_begin ] --START--
INFO: Run Behavior\ReadHtmlCacheBehavior [ RunTime:0.001076s ]
INFO: [ app_begin ] --END-- [ RunTime:0.001253s ]
INFO: [ view_parse ] --START--
INFO: [ template_filter ] --START--
INFO: Run Behavior\ContentReplaceBehavior [ RunTime:0.000152s ]
INFO: [ template_filter ] --END-- [ RunTime:0.000339s ]
NOTIC: [8] Undefined variable: share_wx C:\wamp\www\activity\Application\Runtime\Cache\Home\2fb002fb0f0643fab390a2744f1d4e82.php 第 44 行.
NOTIC: [8] Undefined variable: share_wx C:\wamp\www\activity\Application\Runtime\Cache\Home\2fb002fb0f0643fab390a2744f1d4e82.php 第 45 行.
NOTIC: [8] Undefined variable: share_wx C:\wamp\www\activity\Application\Runtime\Cache\Home\2fb002fb0f0643fab390a2744f1d4e82.php 第 46 行.
NOTIC: [8] Undefined variable: share_wx C:\wamp\www\activity\Application\Runtime\Cache\Home\2fb002fb0f0643fab390a2744f1d4e82.php 第 47 行.
INFO: Run Behavior\ParseTemplateBehavior [ RunTime:0.012646s ]
INFO: [ view_parse ] --END-- [ RunTime:0.012816s ]
INFO: [ view_filter ] --START--
INFO: Run Behavior\WriteHtmlCacheBehavior [ RunTime:0.000586s ]
INFO: [ view_filter ] --END-- [ RunTime:0.000736s ]
INFO: [ app_end ] --START--
INFO: Run Behavior\ShowPageTraceBehavior [ RunTime:0.001111s ]
INFO: [ app_end ] --END-- [ RunTime:0.001266s ]

[ 2015-12-10T17:48:08+08:00 ] 127.0.0.1 /activity/index.php/Home/Beself/fileChange
INFO: [ app_init ] --START--
INFO: Run Behavior\BuildLiteBehavior [ RunTime:0.000018s ]
INFO: [ app_init ] --END-- [ RunTime:0.000331s ]
INFO: [ app_begin ] --START--
INFO: Run Behavior\ReadHtmlCacheBehavior [ RunTime:0.000419s ]
INFO: [ app_begin ] --END-- [ RunTime:0.000502s ]

[ 2015-12-10T18:13:43+08:00 ] 127.0.0.1 /activity/index.php/Home/Beself/
INFO: [ app_init ] --START--
INFO: Run Behavior\BuildLiteBehavior [ RunTime:0.000021s ]
INFO: [ app_init ] --END-- [ RunTime:0.000469s ]
INFO: [ app_begin ] --START--
INFO: Run Behavior\ReadHtmlCacheBehavior [ RunTime:0.000876s ]
INFO: [ app_begin ] --END-- [ RunTime:0.001015s ]
INFO: [ view_parse ] --START--
INFO: [ template_filter ] --START--
INFO: Run Behavior\ContentReplaceBehavior [ RunTime:0.000071s ]
INFO: [ template_filter ] --END-- [ RunTime:0.000161s ]
NOTIC: [8] Undefined variable: share_wx C:\wamp\www\activity\Application\Runtime\Cache\Home\2fb002fb0f0643fab390a2744f1d4e82.php 第 43 行.
NOTIC: [8] Undefined variable: share_wx C:\wamp\www\activity\Application\Runtime\Cache\Home\2fb002fb0f0643fab390a2744f1d4e82.php 第 44 行.
NOTIC: [8] Undefined variable: share_wx C:\wamp\www\activity\Application\Runtime\Cache\Home\2fb002fb0f0643fab390a2744f1d4e82.php 第 45 行.
NOTIC: [8] Undefined variable: share_wx C:\wamp\www\activity\Application\Runtime\Cache\Home\2fb002fb0f0643fab390a2744f1d4e82.php 第 46 行.
INFO: Run Behavior\ParseTemplateBehavior [ RunTime:0.008485s ]
INFO: [ view_parse ] --END-- [ RunTime:0.008615s ]
INFO: [ view_filter ] --START--
INFO: Run Behavior\WriteHtmlCacheBehavior [ RunTime:0.000518s ]
INFO: [ view_filter ] --END-- [ RunTime:0.000624s ]
INFO: [ app_end ] --START--
INFO: Run Behavior\ShowPageTraceBehavior [ RunTime:0.001026s ]
INFO: [ app_end ] --END-- [ RunTime:0.001179s ]

[ 2015-12-10T18:13:48+08:00 ] 127.0.0.1 /activity/index.php/Home/Beself/fileChange
INFO: [ app_init ] --START--
INFO: Run Behavior\BuildLiteBehavior [ RunTime:0.000017s ]
INFO: [ app_init ] --END-- [ RunTime:0.000365s ]
INFO: [ app_begin ] --START--
INFO: Run Behavior\ReadHtmlCacheBehavior [ RunTime:0.000625s ]
INFO: [ app_begin ] --END-- [ RunTime:0.000721s ]

[ 2015-12-10T18:13:54+08:00 ] 127.0.0.1 /activity/index.php/Home/Beself/fileChange
INFO: [ app_init ] --START--
INFO: Run Behavior\BuildLiteBehavior [ RunTime:0.000018s ]
INFO: [ app_init ] --END-- [ RunTime:0.000312s ]
INFO: [ app_begin ] --START--
INFO: Run Behavior\ReadHtmlCacheBehavior [ RunTime:0.000386s ]
INFO: [ app_begin ] --END-- [ RunTime:0.000460s ]

[ 2015-12-10T18:14:00+08:00 ] 127.0.0.1 /activity/index.php/Home/Beself/
INFO: [ app_init ] --START--
INFO: Run Behavior\BuildLiteBehavior [ RunTime:0.000018s ]
INFO: [ app_init ] --END-- [ RunTime:0.000319s ]
INFO: [ app_begin ] --START--
INFO: Run Behavior\ReadHtmlCacheBehavior [ RunTime:0.000395s ]
INFO: [ app_begin ] --END-- [ RunTime:0.000467s ]
INFO: [ view_parse ] --START--
INFO: [ template_filter ] --START--
INFO: Run Behavior\ContentReplaceBehavior [ RunTime:0.000070s ]
INFO: [ template_filter ] --END-- [ RunTime:0.000161s ]
NOTIC: [8] Undefined variable: share_wx C:\wamp\www\activity\Application\Runtime\Cache\Home\2fb002fb0f0643fab390a2744f1d4e82.php 第 43 行.
NOTIC: [8] Undefined variable: share_wx C:\wamp\www\activity\Application\Runtime\Cache\Home\2fb002fb0f0643fab390a2744f1d4e82.php 第 44 行.
NOTIC: [8] Undefined variable: share_wx C:\wamp\www\activity\Application\Runtime\Cache\Home\2fb002fb0f0643fab390a2744f1d4e82.php 第 45 行.
NOTIC: [8] Undefined variable: share_wx C:\wamp\www\activity\Application\Runtime\Cache\Home\2fb002fb0f0643fab390a2744f1d4e82.php 第 46 行.
INFO: Run Behavior\ParseTemplateBehavior [ RunTime:0.005690s ]
INFO: [ view_parse ] --END-- [ RunTime:0.005772s ]
INFO: [ view_filter ] --START--
INFO: Run Behavior\WriteHtmlCacheBehavior [ RunTime:0.000337s ]
INFO: [ view_filter ] --END-- [ RunTime:0.000405s ]
INFO: [ app_end ] --START--
INFO: Run Behavior\ShowPageTraceBehavior [ RunTime:0.000513s ]
INFO: [ app_end ] --END-- [ RunTime:0.000583s ]

[ 2015-12-10T18:14:10+08:00 ] 127.0.0.1 /activity/index.php/Home/Beself/fileChange
INFO: [ app_init ] --START--
INFO: Run Behavior\BuildLiteBehavior [ RunTime:0.000017s ]
INFO: [ app_init ] --END-- [ RunTime:0.000350s ]
INFO: [ app_begin ] --START--
INFO: Run Behavior\ReadHtmlCacheBehavior [ RunTime:0.000653s ]
INFO: [ app_begin ] --END-- [ RunTime:0.000742s ]

[ 2015-12-10T18:16:47+08:00 ] 127.0.0.1 /activity/index.php/Home/Beself/
INFO: [ app_init ] --START--
INFO: Run Behavior\BuildLiteBehavior [ RunTime:0.000020s ]
INFO: [ app_init ] --END-- [ RunTime:0.000379s ]
INFO: [ app_begin ] --START--
INFO: Run Behavior\ReadHtmlCacheBehavior [ RunTime:0.000546s ]
INFO: [ app_begin ] --END-- [ RunTime:0.000637s ]
INFO: [ view_parse ] --START--
INFO: [ template_filter ] --START--
INFO: Run Behavior\ContentReplaceBehavior [ RunTime:0.000081s ]
INFO: [ template_filter ] --END-- [ RunTime:0.000177s ]
NOTIC: [8] Undefined variable: share_wx C:\wamp\www\activity\Application\Runtime\Cache\Home\2fb002fb0f0643fab390a2744f1d4e82.php 第 43 行.
NOTIC: [8] Undefined variable: share_wx C:\wamp\www\activity\Application\Runtime\Cache\Home\2fb002fb0f0643fab390a2744f1d4e82.php 第 44 行.
NOTIC: [8] Undefined variable: share_wx C:\wamp\www\activity\Application\Runtime\Cache\Home\2fb002fb0f0643fab390a2744f1d4e82.php 第 45 行.
NOTIC: [8] Undefined variable: share_wx C:\wamp\www\activity\Application\Runtime\Cache\Home\2fb002fb0f0643fab390a2744f1d4e82.php 第 46 行.
INFO: Run Behavior\ParseTemplateBehavior [ RunTime:0.006707s ]
INFO: [ view_parse ] --END-- [ RunTime:0.006865s ]
INFO: [ view_filter ] --START--
INFO: Run Behavior\WriteHtmlCacheBehavior [ RunTime:0.001017s ]
INFO: [ view_filter ] --END-- [ RunTime:0.001141s ]
INFO: [ app_end ] --START--
INFO: Run Behavior\ShowPageTraceBehavior [ RunTime:0.000558s ]
INFO: [ app_end ] --END-- [ RunTime:0.000636s ]

[ 2015-12-10T18:16:50+08:00 ] 127.0.0.1 /activity/index.php/Home/Beself/fileChange
INFO: [ app_init ] --START--
INFO: Run Behavior\BuildLiteBehavior [ RunTime:0.000017s ]
INFO: [ app_init ] --END-- [ RunTime:0.000323s ]
INFO: [ app_begin ] --START--
INFO: Run Behavior\ReadHtmlCacheBehavior [ RunTime:0.000385s ]
INFO: [ app_begin ] --END-- [ RunTime:0.000458s ]

[ 2015-12-10T18:16:57+08:00 ] 127.0.0.1 /activity/index.php/Home/Beself/createPoster
INFO: [ app_init ] --START--
INFO: Run Behavior\BuildLiteBehavior [ RunTime:0.000038s ]
INFO: [ app_init ] --END-- [ RunTime:0.000751s ]
INFO: [ app_begin ] --START--
INFO: Run Behavior\ReadHtmlCacheBehavior [ RunTime:0.000532s ]
INFO: [ app_begin ] --END-- [ RunTime:0.000631s ]
SQL: SHOW COLUMNS FROM `beself` [ RunTime:0.0042s ]
SQL: INSERT INTO `beself` (`postImage`,`contents`) VALUES ('146065eb1fb929f24cd1a20a51177cca.jpg','') [ RunTime:0.0456s ]
INFO: [ view_parse ] --START--
INFO: [ template_filter ] --START--
INFO: Run Behavior\ContentReplaceBehavior [ RunTime:0.000157s ]
INFO: [ template_filter ] --END-- [ RunTime:0.000472s ]
NOTIC: [8] Undefined variable: share_wx C:\wamp\www\activity\Application\Runtime\Cache\Home\74611781c630b905abfbb2247cce1df3.php 第 36 行.
NOTIC: [8] Undefined variable: share_wx C:\wamp\www\activity\Application\Runtime\Cache\Home\74611781c630b905abfbb2247cce1df3.php 第 37 行.
NOTIC: [8] Undefined variable: share_wx C:\wamp\www\activity\Application\Runtime\Cache\Home\74611781c630b905abfbb2247cce1df3.php 第 38 行.
NOTIC: [8] Undefined variable: share_wx C:\wamp\www\activity\Application\Runtime\Cache\Home\74611781c630b905abfbb2247cce1df3.php 第 39 行.
INFO: Run Behavior\ParseTemplateBehavior [ RunTime:0.020479s ]
INFO: [ view_parse ] --END-- [ RunTime:0.020710s ]
INFO: [ view_filter ] --START--
INFO: Run Behavior\WriteHtmlCacheBehavior [ RunTime:0.000556s ]
INFO: [ view_filter ] --END-- [ RunTime:0.000706s ]
INFO: [ app_end ] --START--
INFO: Run Behavior\ShowPageTraceBehavior [ RunTime:0.000966s ]
INFO: [ app_end ] --END-- [ RunTime:0.001125s ]

[ 2015-12-10T18:17:00+08:00 ] 127.0.0.1 /activity/index.php/Home/Beself/createPoster
INFO: [ app_init ] --START--
INFO: Run Behavior\BuildLiteBehavior [ RunTime:0.000028s ]
INFO: [ app_init ] --END-- [ RunTime:0.000599s ]
INFO: [ app_begin ] --START--
INFO: Run Behavior\ReadHtmlCacheBehavior [ RunTime:0.001143s ]
INFO: [ app_begin ] --END-- [ RunTime:0.001293s ]
SQL: SHOW COLUMNS FROM `beself` [ RunTime:0.0033s ]
SQL: INSERT INTO `beself` (`postImage`,`contents`) VALUES ('146065eb1fb929f24cd1a20a51177cca.jpg','') [ RunTime:0.0580s ]
INFO: [ view_parse ] --START--
INFO: [ template_filter ] --START--
INFO: Run Behavior\ContentReplaceBehavior [ RunTime:0.000143s ]
INFO: [ template_filter ] --END-- [ RunTime:0.000296s ]
NOTIC: [8] Undefined variable: share_wx C:\wamp\www\activity\Application\Runtime\Cache\Home\74611781c630b905abfbb2247cce1df3.php 第 36 行.
NOTIC: [8] Undefined variable: share_wx C:\wamp\www\activity\Application\Runtime\Cache\Home\74611781c630b905abfbb2247cce1df3.php 第 37 行.
NOTIC: [8] Undefined variable: share_wx C:\wamp\www\activity\Application\Runtime\Cache\Home\74611781c630b905abfbb2247cce1df3.php 第 38 行.
NOTIC: [8] Undefined variable: share_wx C:\wamp\www\activity\Application\Runtime\Cache\Home\74611781c630b905abfbb2247cce1df3.php 第 39 行.
INFO: Run Behavior\ParseTemplateBehavior [ RunTime:0.010705s ]
INFO: [ view_parse ] --END-- [ RunTime:0.010846s ]
INFO: [ view_filter ] --START--
INFO: Run Behavior\WriteHtmlCacheBehavior [ RunTime:0.000562s ]
INFO: [ view_filter ] --END-- [ RunTime:0.000688s ]
INFO: [ app_end ] --START--
INFO: Run Behavior\ShowPageTraceBehavior [ RunTime:0.000835s ]
INFO: [ app_end ] --END-- [ RunTime:0.000962s ]

[ 2015-12-10T18:17:02+08:00 ] 127.0.0.1 /activity/index.php/Home/Beself/createPoster
INFO: [ app_init ] --START--
INFO: Run Behavior\BuildLiteBehavior [ RunTime:0.000029s ]
INFO: [ app_init ] --END-- [ RunTime:0.000546s ]
INFO: [ app_begin ] --START--
INFO: Run Behavior\ReadHtmlCacheBehavior [ RunTime:0.000858s ]
INFO: [ app_begin ] --END-- [ RunTime:0.001003s ]
SQL: SHOW COLUMNS FROM `beself` [ RunTime:0.0081s ]
SQL: INSERT INTO `beself` (`postImage`,`contents`) VALUES ('146065eb1fb929f24cd1a20a51177cca.jpg','') [ RunTime:0.0367s ]
INFO: [ view_parse ] --START--
INFO: [ template_filter ] --START--
INFO: Run Behavior\ContentReplaceBehavior [ RunTime:0.000126s ]
INFO: [ template_filter ] --END-- [ RunTime:0.000302s ]
NOTIC: [8] Undefined variable: share_wx C:\wamp\www\activity\Application\Runtime\Cache\Home\74611781c630b905abfbb2247cce1df3.php 第 36 行.
NOTIC: [8] Undefined variable: share_wx C:\wamp\www\activity\Application\Runtime\Cache\Home\74611781c630b905abfbb2247cce1df3.php 第 37 行.
NOTIC: [8] Undefined variable: share_wx C:\wamp\www\activity\Application\Runtime\Cache\Home\74611781c630b905abfbb2247cce1df3.php 第 38 行.
NOTIC: [8] Undefined variable: share_wx C:\wamp\www\activity\Application\Runtime\Cache\Home\74611781c630b905abfbb2247cce1df3.php 第 39 行.
INFO: Run Behavior\ParseTemplateBehavior [ RunTime:0.013279s ]
INFO: [ view_parse ] --END-- [ RunTime:0.013543s ]
INFO: [ view_filter ] --START--
INFO: Run Behavior\WriteHtmlCacheBehavior [ RunTime:0.000907s ]
INFO: [ view_filter ] --END-- [ RunTime:0.001045s ]
INFO: [ app_end ] --START--
INFO: Run Behavior\ShowPageTraceBehavior [ RunTime:0.001116s ]
INFO: [ app_end ] --END-- [ RunTime:0.001266s ]

