[ 2016-02-12T19:25:05+08:00 ] 127.0.0.1 /activity/index.php/beself/reduce
INFO: [ app_init ] --START--
INFO: Run Behavior\BuildLiteBehavior [ RunTime:0.000000s ]
INFO: [ app_init ] --END-- [ RunTime:0.002500s ]
ERR: 无法加载模块:Beself

[ 2016-02-12T19:25:15+08:00 ] 127.0.0.1 /activity/index.php/Beself/reduce
INFO: [ app_init ] --START--
INFO: Run Behavior\BuildLiteBehavior [ RunTime:0.000000s ]
INFO: [ app_init ] --END-- [ RunTime:0.000000s ]
ERR: 无法加载模块:Beself

[ 2016-02-12T19:29:26+08:00 ] 127.0.0.1 /activity/index.php/Beself/reduce
INFO: [ app_init ] --START--
INFO: Run Behavior\BuildLiteBehavior [ RunTime:0.000000s ]
INFO: [ app_init ] --END-- [ RunTime:0.002000s ]
ERR: 无法加载模块:Beself

[ 2016-02-12T19:31:13+08:00 ] 127.0.0.1 /activity/index.php/beself/reduce
INFO: [ app_init ] --START--
INFO: Run Behavior\BuildLiteBehavior [ RunTime:0.000000s ]
INFO: [ app_init ] --END-- [ RunTime:0.000000s ]
ERR: 无法加载模块:Beself

[ 2016-02-12T19:31:26+08:00 ] 127.0.0.1 /activity/index.php/beself/
INFO: [ app_init ] --START--
INFO: Run Behavior\BuildLiteBehavior [ RunTime:0.015600s ]
INFO: [ app_init ] --END-- [ RunTime:0.015600s ]
ERR: 无法加载模块:Beself

[ 2016-02-12T19:31:45+08:00 ] 127.0.0.1 /activity/index.php/beself/
INFO: [ app_init ] --START--
INFO: Run Behavior\BuildLiteBehavior [ RunTime:0.000000s ]
INFO: [ app_init ] --END-- [ RunTime:0.000000s ]
ERR: 无法加载模块:Beself

[ 2016-02-12T19:32:19+08:00 ] 127.0.0.1 /activity/index.php/beself/
INFO: [ app_init ] --START--
INFO: Run Behavior\BuildLiteBehavior [ RunTime:0.000000s ]
INFO: [ app_init ] --END-- [ RunTime:0.002000s ]
ERR: 无法加载模块:Beself

[ 2016-02-12T19:32:22+08:00 ] 127.0.0.1 /activity/index.php/beself/
INFO: [ app_init ] --START--
INFO: Run Behavior\BuildLiteBehavior [ RunTime:0.000000s ]
INFO: [ app_init ] --END-- [ RunTime:0.002001s ]
ERR: 无法加载模块:Beself

[ 2016-02-12T19:32:23+08:00 ] 127.0.0.1 /activity/index.php/beself/
INFO: [ app_init ] --START--
INFO: Run Behavior\BuildLiteBehavior [ RunTime:0.000000s ]
INFO: [ app_init ] --END-- [ RunTime:0.000000s ]
ERR: 无法加载模块:Beself

[ 2016-02-12T19:32:23+08:00 ] 127.0.0.1 /activity/index.php/beself/
INFO: [ app_init ] --START--
INFO: Run Behavior\BuildLiteBehavior [ RunTime:0.000000s ]
INFO: [ app_init ] --END-- [ RunTime:0.015600s ]
ERR: 无法加载模块:Beself

[ 2016-02-12T19:32:24+08:00 ] 127.0.0.1 /activity/index.php/beself/
INFO: [ app_init ] --START--
INFO: Run Behavior\BuildLiteBehavior [ RunTime:0.000000s ]
INFO: [ app_init ] --END-- [ RunTime:0.000000s ]
ERR: 无法加载模块:Beself

[ 2016-02-12T19:32:24+08:00 ] 127.0.0.1 /activity/index.php/beself/
INFO: [ app_init ] --START--
INFO: Run Behavior\BuildLiteBehavior [ RunTime:0.000000s ]
INFO: [ app_init ] --END-- [ RunTime:0.000000s ]
ERR: 无法加载模块:Beself

[ 2016-02-12T19:32:25+08:00 ] 127.0.0.1 /activity/index.php/beself/
INFO: [ app_init ] --START--
INFO: Run Behavior\BuildLiteBehavior [ RunTime:0.000000s ]
INFO: [ app_init ] --END-- [ RunTime:0.001000s ]
ERR: 无法加载模块:Beself

[ 2016-02-12T19:32:25+08:00 ] 127.0.0.1 /activity/index.php/beself/
INFO: [ app_init ] --START--
INFO: Run Behavior\BuildLiteBehavior [ RunTime:0.000000s ]
INFO: [ app_init ] --END-- [ RunTime:0.000000s ]
ERR: 无法加载模块:Beself

[ 2016-02-12T19:32:25+08:00 ] 127.0.0.1 /activity/index.php/beself/
INFO: [ app_init ] --START--
INFO: Run Behavior\BuildLiteBehavior [ RunTime:0.000000s ]
INFO: [ app_init ] --END-- [ RunTime:0.000000s ]
ERR: 无法加载模块:Beself

[ 2016-02-12T19:32:42+08:00 ] 127.0.0.1 /activity/index.php/Beself
INFO: [ app_init ] --START--
INFO: Run Behavior\BuildLiteBehavior [ RunTime:0.000000s ]
INFO: [ app_init ] --END-- [ RunTime:0.000000s ]
ERR: 无法加载模块:Beself

[ 2016-02-12T19:32:50+08:00 ] 127.0.0.1 /activity/index.php/Beself
INFO: [ app_init ] --START--
INFO: Run Behavior\BuildLiteBehavior [ RunTime:0.001000s ]
INFO: [ app_init ] --END-- [ RunTime:0.002000s ]
ERR: 无法加载模块:Beself

[ 2016-02-12T19:33:02+08:00 ] 127.0.0.1 /activity/index.php/Beself
INFO: [ app_init ] --START--
INFO: Run Behavior\BuildLiteBehavior [ RunTime:0.000000s ]
INFO: [ app_init ] --END-- [ RunTime:0.001000s ]
ERR: 无法加载模块:Beself

[ 2016-02-12T19:33:37+08:00 ] 127.0.0.1 /activity/index.php/beself
INFO: [ app_init ] --START--
INFO: Run Behavior\BuildLiteBehavior [ RunTime:0.000000s ]
INFO: [ app_init ] --END-- [ RunTime:0.001000s ]
ERR: 无法加载模块:Beself

[ 2016-02-12T19:34:47+08:00 ] 127.0.0.1 /activity/index.php/Beself
INFO: [ app_init ] --START--
INFO: Run Behavior\BuildLiteBehavior [ RunTime:0.000000s ]
INFO: [ app_init ] --END-- [ RunTime:0.001000s ]
ERR: 无法加载模块:Beself

[ 2016-02-12T19:34:51+08:00 ] 127.0.0.1 /activity/index.php/Beself/
INFO: [ app_init ] --START--
INFO: Run Behavior\BuildLiteBehavior [ RunTime:0.000000s ]
INFO: [ app_init ] --END-- [ RunTime:0.001000s ]
ERR: 无法加载模块:Beself

